Test (2A): initial election ...
2023/05/10 15:03:47 0 在term 1 变成了Candidate并发起选举
2023/05/10 15:03:47 2 在term 1 变成了Follower
2023/05/10 15:03:47 2 在 term 1 给 0 投票
2023/05/10 15:03:47 1 在term 1 变成了Follower
2023/05/10 15:03:47 1 在 term 1 给 0 投票
2023/05/10 15:03:47 0 在term 1 收到了 2 的投票, 现在总共票数 824635351208
2023/05/10 15:03:47 0 在term 1 变成了Leader
2023/05/10 15:03:47 0 在term 1 开始发送心跳
2023/05/10 15:03:47 0 在term 1 开始发送心跳
2023/05/10 15:03:47 0 在 term 1 收到 2 的AppendEntries reply &{Term:1 Success:false}
2023/05/10 15:03:47 0 在 term 1 收到 1 的AppendEntries reply &{Term:1 Success:false}
2023/05/10 15:03:47 0 在 term 1 收到 2 的AppendEntries reply &{Term:1 Success:false}
2023/05/10 15:03:47 0 在 term 1 收到 1 的AppendEntries reply &{Term:1 Success:false}
2023/05/10 15:03:47 0 在term 1 开始发送心跳
2023/05/10 15:03:47 0 在 term 1 收到 1 的AppendEntries reply &{Term:1 Success:false}
2023/05/10 15:03:47 0 在 term 1 收到 2 的AppendEntries reply &{Term:1 Success:false}
2023/05/10 15:03:48 0 在term 1 开始发送心跳
2023/05/10 15:03:48 0 在 term 1 收到 1 的AppendEntries reply &{Term:1 Success:false}
2023/05/10 15:03:48 0 在 term 1 收到 2 的AppendEntries reply &{Term:1 Success:false}
2023/05/10 15:03:48 0 在term 1 开始发送心跳
2023/05/10 15:03:48 0 在 term 1 收到 2 的AppendEntries reply &{Term:1 Success:false}
2023/05/10 15:03:48 0 在 term 1 收到 1 的AppendEntries reply &{Term:1 Success:false}
2023/05/10 15:03:48 0 在term 1 开始发送心跳
2023/05/10 15:03:48 0 在 term 1 收到 2 的AppendEntries reply &{Term:1 Success:false}
2023/05/10 15:03:48 0 在 term 1 收到 1 的AppendEntries reply &{Term:1 Success:false}
2023/05/10 15:03:48 0 在term 1 开始发送心跳
2023/05/10 15:03:48 0 在 term 1 收到 1 的AppendEntries reply &{Term:1 Success:false}
2023/05/10 15:03:48 0 在 term 1 收到 2 的AppendEntries reply &{Term:1 Success:false}
2023/05/10 15:03:48 0 在term 1 开始发送心跳
2023/05/10 15:03:48 0 在 term 1 收到 2 的AppendEntries reply &{Term:1 Success:false}
2023/05/10 15:03:48 0 在 term 1 收到 1 的AppendEntries reply &{Term:1 Success:false}
2023/05/10 15:03:48 0 在term 1 开始发送心跳
2023/05/10 15:03:48 0 在 term 1 收到 1 的AppendEntries reply &{Term:1 Success:false}
2023/05/10 15:03:48 0 在 term 1 收到 2 的AppendEntries reply &{Term:1 Success:false}
2023/05/10 15:03:48 0 在term 1 开始发送心跳
2023/05/10 15:03:48 0 在 term 1 收到 2 的AppendEntries reply &{Term:1 Success:false}
2023/05/10 15:03:48 0 在 term 1 收到 1 的AppendEntries reply &{Term:1 Success:false}
2023/05/10 15:03:48 0 在term 1 开始发送心跳
2023/05/10 15:03:48 0 在 term 1 收到 1 的AppendEntries reply &{Term:1 Success:false}
2023/05/10 15:03:48 0 在 term 1 收到 2 的AppendEntries reply &{Term:1 Success:false}
2023/05/10 15:03:48 0 在term 1 开始发送心跳
2023/05/10 15:03:48 0 在 term 1 收到 1 的AppendEntries reply &{Term:1 Success:false}
2023/05/10 15:03:48 0 在 term 1 收到 2 的AppendEntries reply &{Term:1 Success:false}
2023/05/10 15:03:48 0 在term 1 开始发送心跳
2023/05/10 15:03:48 0 在 term 1 收到 1 的AppendEntries reply &{Term:1 Success:false}
2023/05/10 15:03:48 0 在 term 1 收到 2 的AppendEntries reply &{Term:1 Success:false}
2023/05/10 15:03:48 0 在term 1 开始发送心跳
2023/05/10 15:03:48 0 在 term 1 收到 1 的AppendEntries reply &{Term:1 Success:false}
2023/05/10 15:03:48 0 在 term 1 收到 2 的AppendEntries reply &{Term:1 Success:false}
2023/05/10 15:03:48 0 在term 1 开始发送心跳
2023/05/10 15:03:48 0 在 term 1 收到 1 的AppendEntries reply &{Term:1 Success:false}
2023/05/10 15:03:48 0 在 term 1 收到 2 的AppendEntries reply &{Term:1 Success:false}
2023/05/10 15:03:48 0 在term 1 开始发送心跳
2023/05/10 15:03:48 0 在 term 1 收到 1 的AppendEntries reply &{Term:1 Success:false}
2023/05/10 15:03:48 0 在 term 1 收到 2 的AppendEntries reply &{Term:1 Success:false}
2023/05/10 15:03:48 0 在term 1 开始发送心跳
2023/05/10 15:03:48 0 在 term 1 收到 1 的AppendEntries reply &{Term:1 Success:false}
2023/05/10 15:03:48 0 在 term 1 收到 2 的AppendEntries reply &{Term:1 Success:false}
2023/05/10 15:03:48 0 在term 1 开始发送心跳
2023/05/10 15:03:48 0 在 term 1 收到 2 的AppendEntries reply &{Term:1 Success:false}
2023/05/10 15:03:48 0 在 term 1 收到 1 的AppendEntries reply &{Term:1 Success:false}
2023/05/10 15:03:48 0 在term 1 开始发送心跳
2023/05/10 15:03:48 0 在 term 1 收到 1 的AppendEntries reply &{Term:1 Success:false}
2023/05/10 15:03:48 0 在 term 1 收到 2 的AppendEntries reply &{Term:1 Success:false}
2023/05/10 15:03:48 0 在term 1 开始发送心跳
2023/05/10 15:03:48 0 在 term 1 收到 2 的AppendEntries reply &{Term:1 Success:false}
2023/05/10 15:03:48 0 在 term 1 收到 1 的AppendEntries reply &{Term:1 Success:false}
2023/05/10 15:03:48 0 在term 1 开始发送心跳
2023/05/10 15:03:48 0 在 term 1 收到 1 的AppendEntries reply &{Term:1 Success:false}
2023/05/10 15:03:48 0 在 term 1 收到 2 的AppendEntries reply &{Term:1 Success:false}
2023/05/10 15:03:48 0 在term 1 开始发送心跳
2023/05/10 15:03:48 0 在 term 1 收到 2 的AppendEntries reply &{Term:1 Success:false}
2023/05/10 15:03:48 0 在 term 1 收到 1 的AppendEntries reply &{Term:1 Success:false}
2023/05/10 15:03:48 0 在term 1 开始发送心跳
2023/05/10 15:03:48 0 在 term 1 收到 1 的AppendEntries reply &{Term:1 Success:false}
2023/05/10 15:03:48 0 在 term 1 收到 2 的AppendEntries reply &{Term:1 Success:false}
2023/05/10 15:03:49 0 在term 1 开始发送心跳
2023/05/10 15:03:49 0 在 term 1 收到 2 的AppendEntries reply &{Term:1 Success:false}
2023/05/10 15:03:49 0 在 term 1 收到 1 的AppendEntries reply &{Term:1 Success:false}
2023/05/10 15:03:49 0 在term 1 开始发送心跳
2023/05/10 15:03:49 0 在 term 1 收到 1 的AppendEntries reply &{Term:1 Success:false}
2023/05/10 15:03:49 0 在 term 1 收到 2 的AppendEntries reply &{Term:1 Success:false}
2023/05/10 15:03:49 0 在term 1 开始发送心跳
2023/05/10 15:03:49 0 在 term 1 收到 1 的AppendEntries reply &{Term:1 Success:false}
2023/05/10 15:03:49 0 在 term 1 收到 2 的AppendEntries reply &{Term:1 Success:false}
2023/05/10 15:03:49 0 在term 1 开始发送心跳
2023/05/10 15:03:49 0 在 term 1 收到 2 的AppendEntries reply &{Term:1 Success:false}
2023/05/10 15:03:49 0 在 term 1 收到 1 的AppendEntries reply &{Term:1 Success:false}
2023/05/10 15:03:49 0 在term 1 开始发送心跳
2023/05/10 15:03:49 0 在 term 1 收到 2 的AppendEntries reply &{Term:1 Success:false}
2023/05/10 15:03:49 0 在 term 1 收到 1 的AppendEntries reply &{Term:1 Success:false}
2023/05/10 15:03:49 0 在term 1 开始发送心跳
2023/05/10 15:03:49 0 在 term 1 收到 1 的AppendEntries reply &{Term:1 Success:false}
2023/05/10 15:03:49 0 在 term 1 收到 2 的AppendEntries reply &{Term:1 Success:false}
2023/05/10 15:03:49 0 在term 1 开始发送心跳
2023/05/10 15:03:49 0 在 term 1 收到 1 的AppendEntries reply &{Term:1 Success:false}
2023/05/10 15:03:49 0 在 term 1 收到 2 的AppendEntries reply &{Term:1 Success:false}
2023/05/10 15:03:49 0 在term 1 开始发送心跳
2023/05/10 15:03:49 0 在 term 1 收到 1 的AppendEntries reply &{Term:1 Success:false}
2023/05/10 15:03:49 0 在 term 1 收到 2 的AppendEntries reply &{Term:1 Success:false}
2023/05/10 15:03:49 0 在term 1 开始发送心跳
2023/05/10 15:03:49 0 在 term 1 收到 2 的AppendEntries reply &{Term:1 Success:false}
2023/05/10 15:03:49 0 在 term 1 收到 1 的AppendEntries reply &{Term:1 Success:false}
2023/05/10 15:03:49 0 在term 1 开始发送心跳
2023/05/10 15:03:49 0 在 term 1 收到 2 的AppendEntries reply &{Term:1 Success:false}
2023/05/10 15:03:49 0 在 term 1 收到 1 的AppendEntries reply &{Term:1 Success:false}
2023/05/10 15:03:49 0 在term 1 开始发送心跳
2023/05/10 15:03:49 0 在 term 1 收到 2 的AppendEntries reply &{Term:1 Success:false}
2023/05/10 15:03:49 0 在 term 1 收到 1 的AppendEntries reply &{Term:1 Success:false}
2023/05/10 15:03:49 0 在term 1 开始发送心跳
2023/05/10 15:03:49 0 在 term 1 收到 1 的AppendEntries reply &{Term:1 Success:false}
2023/05/10 15:03:49 0 在 term 1 收到 2 的AppendEntries reply &{Term:1 Success:false}
2023/05/10 15:03:49 0 在term 1 开始发送心跳
2023/05/10 15:03:49 0 在 term 1 收到 1 的AppendEntries reply &{Term:1 Success:false}
2023/05/10 15:03:49 0 在 term 1 收到 2 的AppendEntries reply &{Term:1 Success:false}
2023/05/10 15:03:49 0 在term 1 开始发送心跳
2023/05/10 15:03:49 0 在 term 1 收到 2 的AppendEntries reply &{Term:1 Success:false}
2023/05/10 15:03:49 0 在 term 1 收到 1 的AppendEntries reply &{Term:1 Success:false}
2023/05/10 15:03:49 0 在term 1 开始发送心跳
2023/05/10 15:03:49 0 在 term 1 收到 1 的AppendEntries reply &{Term:1 Success:false}
2023/05/10 15:03:49 0 在 term 1 收到 2 的AppendEntries reply &{Term:1 Success:false}
2023/05/10 15:03:49 0 在term 1 开始发送心跳
2023/05/10 15:03:49 0 在 term 1 收到 2 的AppendEntries reply &{Term:1 Success:false}
2023/05/10 15:03:49 0 在 term 1 收到 1 的AppendEntries reply &{Term:1 Success:false}
2023/05/10 15:03:49 0 在term 1 开始发送心跳
2023/05/10 15:03:49 0 在 term 1 收到 2 的AppendEntries reply &{Term:1 Success:false}
2023/05/10 15:03:49 0 在 term 1 收到 1 的AppendEntries reply &{Term:1 Success:false}
2023/05/10 15:03:49 0 在term 1 开始发送心跳
2023/05/10 15:03:49 0 在 term 1 收到 2 的AppendEntries reply &{Term:1 Success:false}
2023/05/10 15:03:49 0 在 term 1 收到 1 的AppendEntries reply &{Term:1 Success:false}
2023/05/10 15:03:49 0 在term 1 开始发送心跳
2023/05/10 15:03:49 0 在 term 1 收到 1 的AppendEntries reply &{Term:1 Success:false}
2023/05/10 15:03:49 0 在 term 1 收到 2 的AppendEntries reply &{Term:1 Success:false}
2023/05/10 15:03:50 0 在term 1 开始发送心跳
2023/05/10 15:03:50 0 在 term 1 收到 1 的AppendEntries reply &{Term:1 Success:false}
2023/05/10 15:03:50 0 在 term 1 收到 2 的AppendEntries reply &{Term:1 Success:false}
2023/05/10 15:03:50 0 在term 1 开始发送心跳
2023/05/10 15:03:50 0 在 term 1 收到 1 的AppendEntries reply &{Term:1 Success:false}
2023/05/10 15:03:50 0 在 term 1 收到 2 的AppendEntries reply &{Term:1 Success:false}
2023/05/10 15:03:50 0 在term 1 开始发送心跳
2023/05/10 15:03:50 0 在 term 1 收到 2 的AppendEntries reply &{Term:1 Success:false}
2023/05/10 15:03:50 0 在 term 1 收到 1 的AppendEntries reply &{Term:1 Success:false}
2023/05/10 15:03:50 0 在term 1 开始发送心跳
2023/05/10 15:03:50 0 在 term 1 收到 2 的AppendEntries reply &{Term:1 Success:false}
2023/05/10 15:03:50 0 在 term 1 收到 1 的AppendEntries reply &{Term:1 Success:false}
2023/05/10 15:03:50 0 在term 1 开始发送心跳
2023/05/10 15:03:50 0 在 term 1 收到 2 的AppendEntries reply &{Term:1 Success:false}
2023/05/10 15:03:50 0 在 term 1 收到 1 的AppendEntries reply &{Term:1 Success:false}
2023/05/10 15:03:50 0 在term 1 开始发送心跳
2023/05/10 15:03:50 0 在 term 1 收到 1 的AppendEntries reply &{Term:1 Success:false}
2023/05/10 15:03:50 0 在 term 1 收到 2 的AppendEntries reply &{Term:1 Success:false}
2023/05/10 15:03:50 0 在term 1 开始发送心跳
2023/05/10 15:03:50 0 在 term 1 收到 2 的AppendEntries reply &{Term:1 Success:false}
2023/05/10 15:03:50 0 在 term 1 收到 1 的AppendEntries reply &{Term:1 Success:false}
2023/05/10 15:03:50 0 在term 1 开始发送心跳
2023/05/10 15:03:50 0 在 term 1 收到 1 的AppendEntries reply &{Term:1 Success:false}
2023/05/10 15:03:50 0 在 term 1 收到 2 的AppendEntries reply &{Term:1 Success:false}
2023/05/10 15:03:50 0 在term 1 开始发送心跳
2023/05/10 15:03:50 0 在 term 1 收到 1 的AppendEntries reply &{Term:1 Success:false}
2023/05/10 15:03:50 0 在 term 1 收到 2 的AppendEntries reply &{Term:1 Success:false}
2023/05/10 15:03:50 0 在term 1 开始发送心跳
2023/05/10 15:03:50 0 在 term 1 收到 2 的AppendEntries reply &{Term:1 Success:false}
2023/05/10 15:03:50 0 在 term 1 收到 1 的AppendEntries reply &{Term:1 Success:false}
2023/05/10 15:03:50 0 在term 1 开始发送心跳
2023/05/10 15:03:50 0 在 term 1 收到 1 的AppendEntries reply &{Term:1 Success:false}
2023/05/10 15:03:50 0 在 term 1 收到 2 的AppendEntries reply &{Term:1 Success:false}
2023/05/10 15:03:50 0 在term 1 开始发送心跳
2023/05/10 15:03:50 0 在 term 1 收到 1 的AppendEntries reply &{Term:1 Success:false}
2023/05/10 15:03:50 0 在 term 1 收到 2 的AppendEntries reply &{Term:1 Success:false}
2023/05/10 15:03:50 0 在term 1 开始发送心跳
2023/05/10 15:03:50 0 在 term 1 收到 1 的AppendEntries reply &{Term:1 Success:false}
2023/05/10 15:03:50 0 在 term 1 收到 2 的AppendEntries reply &{Term:1 Success:false}
2023/05/10 15:03:50 0 在term 1 开始发送心跳
2023/05/10 15:03:50 0 在 term 1 收到 1 的AppendEntries reply &{Term:1 Success:false}
2023/05/10 15:03:50 0 在 term 1 收到 2 的AppendEntries reply &{Term:1 Success:false}
  ... Passed --   3.1  3  114   29212    0
Test (2A): election after network failure ...
2023/05/10 15:03:51 1 在term 1 变成了Candidate并发起选举
2023/05/10 15:03:51 2 在term 1 变成了Follower
2023/05/10 15:03:51 2 在 term 1 给 1 投票
2023/05/10 15:03:51 0 在term 1 变成了Follower
2023/05/10 15:03:51 0 在 term 1 给 1 投票
2023/05/10 15:03:51 1 在term 1 收到了 0 的投票, 现在总共票数 824638182696
2023/05/10 15:03:51 1 在term 1 变成了Leader
2023/05/10 15:03:51 1 在term 1 开始发送心跳
2023/05/10 15:03:51 1 在term 1 开始发送心跳
2023/05/10 15:03:51 1 在 term 1 收到 2 的AppendEntries reply &{Term:1 Success:false}
2023/05/10 15:03:51 1 在 term 1 收到 0 的AppendEntries reply &{Term:1 Success:false}
2023/05/10 15:03:51 1 在 term 1 收到 0 的AppendEntries reply &{Term:1 Success:false}
2023/05/10 15:03:51 1 在 term 1 收到 2 的AppendEntries reply &{Term:1 Success:false}
2023/05/10 15:03:51 1 在term 1 开始发送心跳
2023/05/10 15:03:51 1 在 term 1 收到 0 的AppendEntries reply &{Term:1 Success:false}
2023/05/10 15:03:51 1 在 term 1 收到 2 的AppendEntries reply &{Term:1 Success:false}
2023/05/10 15:03:51 1 在term 1 开始发送心跳
2023/05/10 15:03:51 1 在 term 1 收到 0 的AppendEntries reply &{Term:1 Success:false}
2023/05/10 15:03:51 1 在 term 1 收到 2 的AppendEntries reply &{Term:1 Success:false}
2023/05/10 15:03:51 1 在term 1 开始发送心跳
2023/05/10 15:03:51 1 在 term 1 收到 2 的AppendEntries reply &{Term:1 Success:false}
2023/05/10 15:03:51 1 在 term 1 收到 0 的AppendEntries reply &{Term:1 Success:false}
2023/05/10 15:03:51 1 在term 1 开始发送心跳
2023/05/10 15:03:51 1 在term 1 开始发送心跳
2023/05/10 15:03:51 1 在term 1 开始发送心跳
2023/05/10 15:03:51 1 在term 1 开始发送心跳
2023/05/10 15:03:51 1 在term 1 开始发送心跳
2023/05/10 15:03:51 1 在term 1 开始发送心跳
2023/05/10 15:03:51 1 在term 1 开始发送心跳
2023/05/10 15:03:51 0 在term 2 变成了Candidate并发起选举
2023/05/10 15:03:51 2 在term 2 变成了Follower
2023/05/10 15:03:51 2 在 term 2 给 0 投票
2023/05/10 15:03:51 0 在term 2 收到了 2 的投票, 现在总共票数 824638374840
2023/05/10 15:03:51 0 在term 2 变成了Leader
2023/05/10 15:03:51 0 在term 2 开始发送心跳
2023/05/10 15:03:51 0 在term 2 开始发送心跳
2023/05/10 15:03:51 0 在 term 2 收到 2 的AppendEntries reply &{Term:2 Success:false}
2023/05/10 15:03:51 0 在 term 2 收到 2 的AppendEntries reply &{Term:2 Success:false}
2023/05/10 15:03:51 1 在term 1 开始发送心跳
2023/05/10 15:03:51 0 在term 2 开始发送心跳
2023/05/10 15:03:51 1 在term 1 开始发送心跳
2023/05/10 15:03:51 0 在 term 2 收到 2 的AppendEntries reply &{Term:2 Success:false}
2023/05/10 15:03:51 0 在term 2 开始发送心跳
2023/05/10 15:03:51 0 在 term 2 收到 2 的AppendEntries reply &{Term:2 Success:false}
2023/05/10 15:03:51 1 在term 1 开始发送心跳
2023/05/10 15:03:51 0 在term 2 开始发送心跳
2023/05/10 15:03:51 1 在term 2 变成了Follower
2023/05/10 15:03:51 0 在 term 2 收到 1 的AppendEntries reply &{Term:2 Success:false}
2023/05/10 15:03:51 0 在 term 2 收到 2 的AppendEntries reply &{Term:2 Success:false}
2023/05/10 15:03:51 0 在term 2 开始发送心跳
2023/05/10 15:03:51 0 在 term 2 收到 2 的AppendEntries reply &{Term:2 Success:false}
2023/05/10 15:03:51 0 在 term 2 收到 1 的AppendEntries reply &{Term:2 Success:false}
2023/05/10 15:03:51 0 在term 2 开始发送心跳
2023/05/10 15:03:51 0 在 term 2 收到 2 的AppendEntries reply &{Term:2 Success:false}
2023/05/10 15:03:51 0 在 term 2 收到 1 的AppendEntries reply &{Term:2 Success:false}
2023/05/10 15:03:51 0 在term 2 开始发送心跳
2023/05/10 15:03:51 0 在 term 2 收到 1 的AppendEntries reply &{Term:2 Success:false}
2023/05/10 15:03:51 0 在 term 2 收到 2 的AppendEntries reply &{Term:2 Success:false}
2023/05/10 15:03:51 0 在term 2 开始发送心跳
2023/05/10 15:03:51 0 在 term 2 收到 1 的AppendEntries reply &{Term:2 Success:false}
2023/05/10 15:03:51 0 在 term 2 收到 2 的AppendEntries reply &{Term:2 Success:false}
2023/05/10 15:03:51 0 在term 2 开始发送心跳
2023/05/10 15:03:51 0 在 term 2 收到 1 的AppendEntries reply &{Term:2 Success:false}
2023/05/10 15:03:51 0 在 term 2 收到 2 的AppendEntries reply &{Term:2 Success:false}
2023/05/10 15:03:52 0 在term 2 开始发送心跳
2023/05/10 15:03:52 0 在 term 2 收到 2 的AppendEntries reply &{Term:2 Success:false}
2023/05/10 15:03:52 0 在 term 2 收到 1 的AppendEntries reply &{Term:2 Success:false}
2023/05/10 15:03:52 0 在term 2 开始发送心跳
2023/05/10 15:03:52 0 在 term 2 收到 2 的AppendEntries reply &{Term:2 Success:false}
2023/05/10 15:03:52 0 在 term 2 收到 1 的AppendEntries reply &{Term:2 Success:false}
2023/05/10 15:03:52 0 在term 2 开始发送心跳
2023/05/10 15:03:52 0 在 term 2 收到 1 的AppendEntries reply &{Term:2 Success:false}
2023/05/10 15:03:52 0 在 term 2 收到 2 的AppendEntries reply &{Term:2 Success:false}
2023/05/10 15:03:52 0 在term 2 开始发送心跳
2023/05/10 15:03:52 0 在term 2 开始发送心跳
2023/05/10 15:03:52 0 在term 2 开始发送心跳
2023/05/10 15:03:52 0 在term 2 开始发送心跳
2023/05/10 15:03:52 0 在term 2 开始发送心跳
2023/05/10 15:03:52 2 在term 3 变成了Candidate并发起选举
2023/05/10 15:03:52 0 在term 2 开始发送心跳
2023/05/10 15:03:52 1 在term 3 变成了Candidate并发起选举
2023/05/10 15:03:52 0 在term 2 开始发送心跳
2023/05/10 15:03:52 0 在term 2 开始发送心跳
2023/05/10 15:03:52 0 在term 2 开始发送心跳
2023/05/10 15:03:52 0 在term 2 开始发送心跳
2023/05/10 15:03:52 0 在term 2 开始发送心跳
2023/05/10 15:03:52 2 在term 4 变成了Candidate并发起选举
2023/05/10 15:03:52 0 在term 2 开始发送心跳
2023/05/10 15:03:52 1 在term 4 变成了Candidate并发起选举
2023/05/10 15:03:52 0 在term 2 开始发送心跳
2023/05/10 15:03:52 0 在term 2 开始发送心跳
2023/05/10 15:03:52 0 在term 2 开始发送心跳
2023/05/10 15:03:52 0 在term 2 开始发送心跳
2023/05/10 15:03:53 0 在term 2 开始发送心跳
2023/05/10 15:03:53 0 在term 2 开始发送心跳
2023/05/10 15:03:53 2 在term 5 变成了Candidate并发起选举
2023/05/10 15:03:53 1 在term 5 变成了Candidate并发起选举
2023/05/10 15:03:53 0 在term 2 开始发送心跳
2023/05/10 15:03:53 0 在term 2 开始发送心跳
2023/05/10 15:03:53 0 在term 2 开始发送心跳
2023/05/10 15:03:53 0 在term 2 开始发送心跳
2023/05/10 15:03:53 0 在term 2 开始发送心跳
2023/05/10 15:03:53 0 在term 2 开始发送心跳
2023/05/10 15:03:53 1 在term 6 变成了Candidate并发起选举
2023/05/10 15:03:53 0 在term 2 开始发送心跳
2023/05/10 15:03:53 2 在term 6 变成了Candidate并发起选举
2023/05/10 15:03:53 0 在term 2 开始发送心跳
2023/05/10 15:03:53 0 在term 2 开始发送心跳
2023/05/10 15:03:53 0 在term 2 开始发送心跳
2023/05/10 15:03:53 0 在term 2 开始发送心跳
2023/05/10 15:03:53 0 在term 2 开始发送心跳
2023/05/10 15:03:53 0 在term 2 开始发送心跳
2023/05/10 15:03:53 2 在term 7 变成了Candidate并发起选举
2023/05/10 15:03:53 1 在term 7 变成了Candidate并发起选举
2023/05/10 15:03:53 0 在term 2 开始发送心跳
2023/05/10 15:03:53 0 在term 2 开始发送心跳
2023/05/10 15:03:53 0 在term 2 开始发送心跳
2023/05/10 15:03:53 0 在term 2 开始发送心跳
2023/05/10 15:03:53 0 在term 2 开始发送心跳
2023/05/10 15:03:54 0 在term 2 开始发送心跳
2023/05/10 15:03:54 0 在term 2 开始发送心跳
2023/05/10 15:03:54 1 在term 8 变成了Candidate并发起选举
2023/05/10 15:03:54 0 在term 2 开始发送心跳
2023/05/10 15:03:54 2 在term 8 变成了Candidate并发起选举
2023/05/10 15:03:54 0 在term 2 开始发送心跳
2023/05/10 15:03:54 0 在term 2 开始发送心跳
2023/05/10 15:03:54 0 在term 2 开始发送心跳
2023/05/10 15:03:54 0 在term 2 开始发送心跳
2023/05/10 15:03:54 0 在term 2 开始发送心跳
2023/05/10 15:03:54 0 在term 2 开始发送心跳
2023/05/10 15:03:54 0 在term 2 开始发送心跳
2023/05/10 15:03:54 1 在term 9 变成了Candidate并发起选举
2023/05/10 15:03:54 2 在term 9 变成了Follower
2023/05/10 15:03:54 2 在 term 9 给 1 投票
2023/05/10 15:03:54 1 在term 9 收到了 2 的投票, 现在总共票数 824638178296
2023/05/10 15:03:54 1 在term 9 变成了Leader
2023/05/10 15:03:54 1 在term 9 开始发送心跳
2023/05/10 15:03:54 1 在term 9 开始发送心跳
2023/05/10 15:03:54 1 在 term 9 收到 2 的AppendEntries reply &{Term:9 Success:false}
2023/05/10 15:03:54 1 在 term 9 收到 2 的AppendEntries reply &{Term:9 Success:false}
2023/05/10 15:03:54 0 在term 2 开始发送心跳
2023/05/10 15:03:54 1 在term 9 开始发送心跳
2023/05/10 15:03:54 1 在 term 9 收到 2 的AppendEntries reply &{Term:9 Success:false}
2023/05/10 15:03:54 0 在term 2 开始发送心跳
2023/05/10 15:03:54 1 在term 9 开始发送心跳
2023/05/10 15:03:54 1 在 term 9 收到 2 的AppendEntries reply &{Term:9 Success:false}
2023/05/10 15:03:54 0 在term 2 开始发送心跳
2023/05/10 15:03:54 1 在term 9 开始发送心跳
2023/05/10 15:03:54 0 在term 9 变成了Follower
2023/05/10 15:03:54 1 在 term 9 收到 0 的AppendEntries reply &{Term:9 Success:false}
2023/05/10 15:03:54 1 在 term 9 收到 2 的AppendEntries reply &{Term:9 Success:false}
2023/05/10 15:03:54 1 在term 9 开始发送心跳
2023/05/10 15:03:54 1 在 term 9 收到 2 的AppendEntries reply &{Term:9 Success:false}
2023/05/10 15:03:54 1 在 term 9 收到 0 的AppendEntries reply &{Term:9 Success:false}
2023/05/10 15:03:54 1 在term 9 开始发送心跳
2023/05/10 15:03:54 1 在 term 9 收到 0 的AppendEntries reply &{Term:9 Success:false}
2023/05/10 15:03:54 1 在 term 9 收到 2 的AppendEntries reply &{Term:9 Success:false}
2023/05/10 15:03:54 1 在term 9 开始发送心跳
2023/05/10 15:03:54 1 在 term 9 收到 0 的AppendEntries reply &{Term:9 Success:false}
2023/05/10 15:03:54 1 在 term 9 收到 2 的AppendEntries reply &{Term:9 Success:false}
2023/05/10 15:03:54 1 在term 9 开始发送心跳
2023/05/10 15:03:54 1 在 term 9 收到 2 的AppendEntries reply &{Term:9 Success:false}
2023/05/10 15:03:54 1 在 term 9 收到 0 的AppendEntries reply &{Term:9 Success:false}
2023/05/10 15:03:54 1 在term 9 开始发送心跳
2023/05/10 15:03:54 1 在 term 9 收到 0 的AppendEntries reply &{Term:9 Success:false}
2023/05/10 15:03:54 1 在 term 9 收到 2 的AppendEntries reply &{Term:9 Success:false}
2023/05/10 15:03:54 1 在term 9 开始发送心跳
2023/05/10 15:03:55 1 在 term 9 收到 0 的AppendEntries reply &{Term:9 Success:false}
2023/05/10 15:03:55 1 在 term 9 收到 2 的AppendEntries reply &{Term:9 Success:false}
2023/05/10 15:03:55 1 在term 9 开始发送心跳
2023/05/10 15:03:55 1 在 term 9 收到 2 的AppendEntries reply &{Term:9 Success:false}
2023/05/10 15:03:55 1 在 term 9 收到 0 的AppendEntries reply &{Term:9 Success:false}
2023/05/10 15:03:55 1 在term 9 开始发送心跳
2023/05/10 15:03:55 1 在 term 9 收到 0 的AppendEntries reply &{Term:9 Success:false}
2023/05/10 15:03:55 1 在 term 9 收到 2 的AppendEntries reply &{Term:9 Success:false}
2023/05/10 15:03:55 1 在term 9 开始发送心跳
2023/05/10 15:03:55 1 在 term 9 收到 2 的AppendEntries reply &{Term:9 Success:false}
2023/05/10 15:03:55 1 在 term 9 收到 0 的AppendEntries reply &{Term:9 Success:false}
  ... Passed --   4.5  3  212   42644    0
Test (2A): multiple elections ...
2023/05/10 15:03:55 0 在term 1 变成了Candidate并发起选举
2023/05/10 15:03:55 6 在term 1 变成了Follower
2023/05/10 15:03:55 6 在 term 1 给 0 投票
2023/05/10 15:03:55 5 在term 1 变成了Follower
2023/05/10 15:03:55 5 在 term 1 给 0 投票
2023/05/10 15:03:55 0 在term 1 收到了 6 的投票, 现在总共票数 824634585480
2023/05/10 15:03:55 4 在term 1 变成了Follower
2023/05/10 15:03:55 4 在 term 1 给 0 投票
2023/05/10 15:03:55 0 在term 1 收到了 5 的投票, 现在总共票数 824634585480
2023/05/10 15:03:55 0 在term 1 收到了 4 的投票, 现在总共票数 824634585480
2023/05/10 15:03:55 0 在term 1 变成了Leader
2023/05/10 15:03:55 0 在term 1 开始发送心跳
2023/05/10 15:03:55 0 在term 1 开始发送心跳
2023/05/10 15:03:55 2 在term 1 变成了Candidate并发起选举
2023/05/10 15:03:55 3 在term 1 变成了Follower
2023/05/10 15:03:55 3 在 term 1 给 0 投票
2023/05/10 15:03:55 1 在term 1 变成了Follower
2023/05/10 15:03:55 1 在 term 1 给 0 投票
2023/05/10 15:03:55 0 在 term 1 收到 6 的AppendEntries reply &{Term:1 Success:false}
2023/05/10 15:03:55 0 在 term 1 收到 4 的AppendEntries reply &{Term:1 Success:false}
2023/05/10 15:03:55 0 在 term 1 收到 2 的AppendEntries reply &{Term:1 Success:false}
2023/05/10 15:03:55 0 在 term 1 收到 2 的AppendEntries reply &{Term:1 Success:false}
2023/05/10 15:03:55 0 在 term 1 收到 1 的AppendEntries reply &{Term:1 Success:false}
2023/05/10 15:03:55 0 在 term 1 收到 5 的AppendEntries reply &{Term:1 Success:false}
2023/05/10 15:03:55 0 在 term 1 收到 3 的AppendEntries reply &{Term:1 Success:false}
2023/05/10 15:03:55 0 在 term 1 收到 1 的AppendEntries reply &{Term:1 Success:false}
2023/05/10 15:03:55 0 在 term 1 收到 3 的AppendEntries reply &{Term:1 Success:false}
2023/05/10 15:03:55 0 在 term 1 收到 5 的AppendEntries reply &{Term:1 Success:false}
2023/05/10 15:03:55 0 在 term 1 收到 6 的AppendEntries reply &{Term:1 Success:false}
2023/05/10 15:03:55 0 在 term 1 收到 4 的AppendEntries reply &{Term:1 Success:false}
2023/05/10 15:03:55 0 在term 1 开始发送心跳
2023/05/10 15:03:55 0 在 term 1 收到 1 的AppendEntries reply &{Term:1 Success:false}
2023/05/10 15:03:55 0 在 term 1 收到 3 的AppendEntries reply &{Term:1 Success:false}
2023/05/10 15:03:55 0 在 term 1 收到 4 的AppendEntries reply &{Term:1 Success:false}
2023/05/10 15:03:55 0 在 term 1 收到 5 的AppendEntries reply &{Term:1 Success:false}
2023/05/10 15:03:55 0 在 term 1 收到 6 的AppendEntries reply &{Term:1 Success:false}
2023/05/10 15:03:55 0 在 term 1 收到 2 的AppendEntries reply &{Term:1 Success:false}
2023/05/10 15:03:55 0 在term 1 开始发送心跳
2023/05/10 15:03:55 0 在 term 1 收到 5 的AppendEntries reply &{Term:1 Success:false}
2023/05/10 15:03:55 0 在 term 1 收到 1 的AppendEntries reply &{Term:1 Success:false}
2023/05/10 15:03:55 0 在 term 1 收到 6 的AppendEntries reply &{Term:1 Success:false}
2023/05/10 15:03:55 0 在 term 1 收到 3 的AppendEntries reply &{Term:1 Success:false}
2023/05/10 15:03:55 0 在 term 1 收到 4 的AppendEntries reply &{Term:1 Success:false}
2023/05/10 15:03:55 0 在 term 1 收到 2 的AppendEntries reply &{Term:1 Success:false}
2023/05/10 15:03:55 0 在term 1 开始发送心跳
2023/05/10 15:03:55 0 在 term 1 收到 1 的AppendEntries reply &{Term:1 Success:false}
2023/05/10 15:03:55 0 在 term 1 收到 6 的AppendEntries reply &{Term:1 Success:false}
2023/05/10 15:03:55 0 在 term 1 收到 3 的AppendEntries reply &{Term:1 Success:false}
2023/05/10 15:03:55 0 在 term 1 收到 5 的AppendEntries reply &{Term:1 Success:false}
2023/05/10 15:03:55 0 在 term 1 收到 2 的AppendEntries reply &{Term:1 Success:false}
2023/05/10 15:03:55 0 在 term 1 收到 4 的AppendEntries reply &{Term:1 Success:false}
2023/05/10 15:03:55 0 在term 1 开始发送心跳
2023/05/10 15:03:55 0 在 term 1 收到 1 的AppendEntries reply &{Term:1 Success:false}
2023/05/10 15:03:55 0 在 term 1 收到 4 的AppendEntries reply &{Term:1 Success:false}
2023/05/10 15:03:55 0 在 term 1 收到 2 的AppendEntries reply &{Term:1 Success:false}
2023/05/10 15:03:55 0 在 term 1 收到 6 的AppendEntries reply &{Term:1 Success:false}
2023/05/10 15:03:55 0 在 term 1 收到 5 的AppendEntries reply &{Term:1 Success:false}
2023/05/10 15:03:55 0 在 term 1 收到 3 的AppendEntries reply &{Term:1 Success:false}
2023/05/10 15:03:55 0 在term 1 开始发送心跳
2023/05/10 15:03:55 0 在 term 1 收到 1 的AppendEntries reply &{Term:1 Success:false}
2023/05/10 15:03:55 0 在 term 1 收到 6 的AppendEntries reply &{Term:1 Success:false}
2023/05/10 15:03:55 0 在 term 1 收到 2 的AppendEntries reply &{Term:1 Success:false}
2023/05/10 15:03:55 0 在 term 1 收到 3 的AppendEntries reply &{Term:1 Success:false}
2023/05/10 15:03:55 0 在 term 1 收到 5 的AppendEntries reply &{Term:1 Success:false}
2023/05/10 15:03:55 0 在term 1 开始发送心跳
2023/05/10 15:03:55 0 在 term 1 收到 1 的AppendEntries reply &{Term:1 Success:false}
2023/05/10 15:03:55 0 在 term 1 收到 6 的AppendEntries reply &{Term:1 Success:false}
2023/05/10 15:03:55 0 在 term 1 收到 3 的AppendEntries reply &{Term:1 Success:false}
2023/05/10 15:03:55 0 在 term 1 收到 2 的AppendEntries reply &{Term:1 Success:false}
2023/05/10 15:03:55 0 在 term 1 收到 5 的AppendEntries reply &{Term:1 Success:false}
2023/05/10 15:03:55 0 在term 1 开始发送心跳
2023/05/10 15:03:55 0 在 term 1 收到 2 的AppendEntries reply &{Term:1 Success:false}
2023/05/10 15:03:55 0 在 term 1 收到 5 的AppendEntries reply &{Term:1 Success:false}
2023/05/10 15:03:55 0 在 term 1 收到 1 的AppendEntries reply &{Term:1 Success:false}
2023/05/10 15:03:55 0 在 term 1 收到 3 的AppendEntries reply &{Term:1 Success:false}
2023/05/10 15:03:55 0 在 term 1 收到 6 的AppendEntries reply &{Term:1 Success:false}
2023/05/10 15:03:55 0 在term 1 开始发送心跳
2023/05/10 15:03:55 0 在 term 1 收到 1 的AppendEntries reply &{Term:1 Success:false}
2023/05/10 15:03:55 0 在 term 1 收到 6 的AppendEntries reply &{Term:1 Success:false}
2023/05/10 15:03:55 0 在 term 1 收到 3 的AppendEntries reply &{Term:1 Success:false}
2023/05/10 15:03:55 0 在 term 1 收到 2 的AppendEntries reply &{Term:1 Success:false}
2023/05/10 15:03:55 0 在 term 1 收到 5 的AppendEntries reply &{Term:1 Success:false}
2023/05/10 15:03:55 0 在term 1 开始发送心跳
2023/05/10 15:03:55 0 在 term 1 收到 3 的AppendEntries reply &{Term:1 Success:false}
2023/05/10 15:03:55 0 在 term 1 收到 5 的AppendEntries reply &{Term:1 Success:false}
2023/05/10 15:03:55 0 在 term 1 收到 1 的AppendEntries reply &{Term:1 Success:false}
2023/05/10 15:03:55 0 在 term 1 收到 2 的AppendEntries reply &{Term:1 Success:false}
2023/05/10 15:03:55 0 在 term 1 收到 6 的AppendEntries reply &{Term:1 Success:false}
2023/05/10 15:03:56 0 在term 1 开始发送心跳
2023/05/10 15:03:56 0 在 term 1 收到 1 的AppendEntries reply &{Term:1 Success:false}
2023/05/10 15:03:56 0 在 term 1 收到 2 的AppendEntries reply &{Term:1 Success:false}
2023/05/10 15:03:56 0 在 term 1 收到 3 的AppendEntries reply &{Term:1 Success:false}
2023/05/10 15:03:56 0 在 term 1 收到 5 的AppendEntries reply &{Term:1 Success:false}
2023/05/10 15:03:56 0 在 term 1 收到 6 的AppendEntries reply &{Term:1 Success:false}
2023/05/10 15:03:56 4 在term 2 变成了Candidate并发起选举
2023/05/10 15:03:56 0 在term 1 开始发送心跳
2023/05/10 15:03:56 0 在 term 1 收到 1 的AppendEntries reply &{Term:1 Success:false}
2023/05/10 15:03:56 0 在 term 1 收到 2 的AppendEntries reply &{Term:1 Success:false}
2023/05/10 15:03:56 0 在 term 1 收到 6 的AppendEntries reply &{Term:1 Success:false}
2023/05/10 15:03:56 0 在 term 1 收到 3 的AppendEntries reply &{Term:1 Success:false}
2023/05/10 15:03:56 0 在 term 1 收到 5 的AppendEntries reply &{Term:1 Success:false}
2023/05/10 15:03:56 0 在term 1 开始发送心跳
2023/05/10 15:03:56 0 在 term 1 收到 3 的AppendEntries reply &{Term:1 Success:false}
2023/05/10 15:03:56 0 在 term 1 收到 1 的AppendEntries reply &{Term:1 Success:false}
2023/05/10 15:03:56 0 在 term 1 收到 2 的AppendEntries reply &{Term:1 Success:false}
2023/05/10 15:03:56 0 在 term 1 收到 5 的AppendEntries reply &{Term:1 Success:false}
2023/05/10 15:03:56 0 在 term 1 收到 6 的AppendEntries reply &{Term:1 Success:false}
2023/05/10 15:03:56 0 在term 1 开始发送心跳
2023/05/10 15:03:56 0 在 term 1 收到 5 的AppendEntries reply &{Term:1 Success:false}
2023/05/10 15:03:56 0 在 term 1 收到 6 的AppendEntries reply &{Term:1 Success:false}
2023/05/10 15:03:56 0 在 term 1 收到 3 的AppendEntries reply &{Term:1 Success:false}
2023/05/10 15:03:56 0 在 term 1 收到 2 的AppendEntries reply &{Term:1 Success:false}
2023/05/10 15:03:56 0 在 term 1 收到 1 的AppendEntries reply &{Term:1 Success:false}
2023/05/10 15:03:56 0 在term 1 开始发送心跳
2023/05/10 15:03:56 0 在 term 1 收到 6 的AppendEntries reply &{Term:1 Success:false}
2023/05/10 15:03:56 0 在 term 1 收到 3 的AppendEntries reply &{Term:1 Success:false}
2023/05/10 15:03:56 0 在 term 1 收到 5 的AppendEntries reply &{Term:1 Success:false}
2023/05/10 15:03:56 0 在 term 1 收到 1 的AppendEntries reply &{Term:1 Success:false}
2023/05/10 15:03:56 0 在 term 1 收到 2 的AppendEntries reply &{Term:1 Success:false}
2023/05/10 15:03:56 0 在term 1 开始发送心跳
2023/05/10 15:03:56 0 在term 1 开始发送心跳
2023/05/10 15:03:56 4 在term 3 变成了Candidate并发起选举
2023/05/10 15:03:56 6 在term 3 变成了Follower
2023/05/10 15:03:56 6 在 term 3 给 4 投票
2023/05/10 15:03:56 2 在term 3 变成了Follower
2023/05/10 15:03:56 2 在 term 3 给 4 投票
2023/05/10 15:03:56 4 在term 3 收到了 6 的投票, 现在总共票数 824636341720
2023/05/10 15:03:56 4 在term 3 收到了 2 的投票, 现在总共票数 824636341720
2023/05/10 15:03:56 1 在term 3 变成了Follower
2023/05/10 15:03:56 1 在 term 3 给 4 投票
2023/05/10 15:03:56 4 在term 3 收到了 1 的投票, 现在总共票数 824636341720
2023/05/10 15:03:56 4 在term 3 变成了Leader
2023/05/10 15:03:56 4 在term 3 开始发送心跳
2023/05/10 15:03:56 4 在term 3 开始发送心跳
2023/05/10 15:03:56 4 在 term 3 收到 1 的AppendEntries reply &{Term:3 Success:false}
2023/05/10 15:03:56 4 在 term 3 收到 2 的AppendEntries reply &{Term:3 Success:false}
2023/05/10 15:03:56 4 在 term 3 收到 6 的AppendEntries reply &{Term:3 Success:false}
2023/05/10 15:03:56 4 在 term 3 收到 2 的AppendEntries reply &{Term:3 Success:false}
2023/05/10 15:03:56 4 在 term 3 收到 1 的AppendEntries reply &{Term:3 Success:false}
2023/05/10 15:03:56 4 在 term 3 收到 6 的AppendEntries reply &{Term:3 Success:false}
2023/05/10 15:03:56 0 在term 1 开始发送心跳
2023/05/10 15:03:56 4 在term 3 开始发送心跳
2023/05/10 15:03:56 4 在 term 3 收到 2 的AppendEntries reply &{Term:3 Success:false}
2023/05/10 15:03:56 4 在 term 3 收到 6 的AppendEntries reply &{Term:3 Success:false}
2023/05/10 15:03:56 4 在 term 3 收到 1 的AppendEntries reply &{Term:3 Success:false}
2023/05/10 15:03:56 0 在term 1 开始发送心跳
2023/05/10 15:03:56 4 在term 3 开始发送心跳
2023/05/10 15:03:56 4 在 term 3 收到 6 的AppendEntries reply &{Term:3 Success:false}
2023/05/10 15:03:56 4 在 term 3 收到 1 的AppendEntries reply &{Term:3 Success:false}
2023/05/10 15:03:56 4 在 term 3 收到 2 的AppendEntries reply &{Term:3 Success:false}
2023/05/10 15:03:56 0 在term 1 开始发送心跳
2023/05/10 15:03:56 4 在term 3 开始发送心跳
2023/05/10 15:03:56 4 在 term 3 收到 6 的AppendEntries reply &{Term:3 Success:false}
2023/05/10 15:03:56 4 在 term 3 收到 1 的AppendEntries reply &{Term:3 Success:false}
2023/05/10 15:03:56 4 在 term 3 收到 2 的AppendEntries reply &{Term:3 Success:false}
2023/05/10 15:03:56 0 在term 1 开始发送心跳
2023/05/10 15:03:56 4 在term 3 开始发送心跳
2023/05/10 15:03:56 4 在 term 3 收到 1 的AppendEntries reply &{Term:3 Success:false}
2023/05/10 15:03:56 4 在 term 3 收到 6 的AppendEntries reply &{Term:3 Success:false}
2023/05/10 15:03:56 4 在 term 3 收到 2 的AppendEntries reply &{Term:3 Success:false}
2023/05/10 15:03:56 0 在term 1 开始发送心跳
2023/05/10 15:03:56 5 在term 2 变成了Candidate并发起选举
2023/05/10 15:03:56 3 在term 2 变成了Candidate并发起选举
2023/05/10 15:03:56 4 在term 3 开始发送心跳
2023/05/10 15:03:56 4 在 term 3 收到 2 的AppendEntries reply &{Term:3 Success:false}
2023/05/10 15:03:56 4 在 term 3 收到 1 的AppendEntries reply &{Term:3 Success:false}
2023/05/10 15:03:56 4 在 term 3 收到 6 的AppendEntries reply &{Term:3 Success:false}
2023/05/10 15:03:56 0 在term 1 开始发送心跳
2023/05/10 15:03:56 4 在term 3 开始发送心跳
2023/05/10 15:03:56 4 在 term 3 收到 2 的AppendEntries reply &{Term:3 Success:false}
2023/05/10 15:03:56 4 在 term 3 收到 6 的AppendEntries reply &{Term:3 Success:false}
2023/05/10 15:03:56 4 在 term 3 收到 1 的AppendEntries reply &{Term:3 Success:false}
2023/05/10 15:03:56 0 在term 1 开始发送心跳
2023/05/10 15:03:56 4 在term 3 开始发送心跳
2023/05/10 15:03:56 4 在 term 3 收到 1 的AppendEntries reply &{Term:3 Success:false}
2023/05/10 15:03:56 5 在term 3 变成了Follower
2023/05/10 15:03:56 4 在 term 3 收到 5 的AppendEntries reply &{Term:3 Success:false}
2023/05/10 15:03:56 4 在 term 3 收到 2 的AppendEntries reply &{Term:3 Success:false}
2023/05/10 15:03:56 0 在term 1 开始发送心跳
2023/05/10 15:03:56 0 在 term 1 收到 1 的AppendEntries reply &{Term:3 Success:false}
2023/05/10 15:03:56 0 在term 3 变成了Follower
2023/05/10 15:03:56 0 在 term 3 收到 2 的AppendEntries reply &{Term:3 Success:false}
2023/05/10 15:03:56 0 在 term 3 收到 4 的AppendEntries reply &{Term:3 Success:false}
2023/05/10 15:03:56 0 在 term 3 收到 5 的AppendEntries reply &{Term:3 Success:false}
2023/05/10 15:03:56 4 在term 3 开始发送心跳
2023/05/10 15:03:56 4 在 term 3 收到 0 的AppendEntries reply &{Term:3 Success:false}
2023/05/10 15:03:56 4 在 term 3 收到 1 的AppendEntries reply &{Term:3 Success:false}
2023/05/10 15:03:56 4 在 term 3 收到 5 的AppendEntries reply &{Term:3 Success:false}
2023/05/10 15:03:56 4 在 term 3 收到 2 的AppendEntries reply &{Term:3 Success:false}
2023/05/10 15:03:56 4 在term 3 开始发送心跳
2023/05/10 15:03:56 4 在 term 3 收到 1 的AppendEntries reply &{Term:3 Success:false}
2023/05/10 15:03:56 4 在 term 3 收到 2 的AppendEntries reply &{Term:3 Success:false}
2023/05/10 15:03:56 4 在 term 3 收到 0 的AppendEntries reply &{Term:3 Success:false}
2023/05/10 15:03:56 4 在 term 3 收到 5 的AppendEntries reply &{Term:3 Success:false}
2023/05/10 15:03:56 4 在term 3 开始发送心跳
2023/05/10 15:03:56 4 在 term 3 收到 0 的AppendEntries reply &{Term:3 Success:false}
2023/05/10 15:03:56 4 在 term 3 收到 5 的AppendEntries reply &{Term:3 Success:false}
2023/05/10 15:03:56 4 在 term 3 收到 2 的AppendEntries reply &{Term:3 Success:false}
2023/05/10 15:03:56 4 在 term 3 收到 1 的AppendEntries reply &{Term:3 Success:false}
2023/05/10 15:03:56 3 在term 3 变成了Candidate并发起选举
2023/05/10 15:03:56 4 在term 3 开始发送心跳
2023/05/10 15:03:56 4 在 term 3 收到 1 的AppendEntries reply &{Term:3 Success:false}
2023/05/10 15:03:56 4 在 term 3 收到 0 的AppendEntries reply &{Term:3 Success:false}
2023/05/10 15:03:56 4 在 term 3 收到 5 的AppendEntries reply &{Term:3 Success:false}
2023/05/10 15:03:56 4 在 term 3 收到 2 的AppendEntries reply &{Term:3 Success:false}
2023/05/10 15:03:56 6 在term 4 变成了Candidate并发起选举
2023/05/10 15:03:56 4 在term 3 开始发送心跳
2023/05/10 15:03:57 4 在 term 3 收到 1 的AppendEntries reply &{Term:3 Success:false}
2023/05/10 15:03:57 4 在 term 3 收到 2 的AppendEntries reply &{Term:3 Success:false}
2023/05/10 15:03:57 4 在 term 3 收到 5 的AppendEntries reply &{Term:3 Success:false}
2023/05/10 15:03:57 4 在 term 3 收到 0 的AppendEntries reply &{Term:3 Success:false}
2023/05/10 15:03:57 4 在term 3 开始发送心跳
2023/05/10 15:03:57 4 在 term 3 收到 2 的AppendEntries reply &{Term:3 Success:false}
2023/05/10 15:03:57 4 在 term 3 收到 0 的AppendEntries reply &{Term:3 Success:false}
2023/05/10 15:03:57 4 在 term 3 收到 1 的AppendEntries reply &{Term:3 Success:false}
2023/05/10 15:03:57 4 在 term 3 收到 5 的AppendEntries reply &{Term:3 Success:false}
2023/05/10 15:03:57 4 在term 3 开始发送心跳
2023/05/10 15:03:57 4 在 term 3 收到 0 的AppendEntries reply &{Term:3 Success:false}
2023/05/10 15:03:57 4 在 term 3 收到 1 的AppendEntries reply &{Term:3 Success:false}
2023/05/10 15:03:57 4 在 term 3 收到 2 的AppendEntries reply &{Term:3 Success:false}
2023/05/10 15:03:57 4 在 term 3 收到 5 的AppendEntries reply &{Term:3 Success:false}
2023/05/10 15:03:57 4 在term 3 开始发送心跳
2023/05/10 15:03:57 4 在 term 3 收到 1 的AppendEntries reply &{Term:3 Success:false}
2023/05/10 15:03:57 4 在 term 3 收到 2 的AppendEntries reply &{Term:3 Success:false}
2023/05/10 15:03:57 4 在 term 3 收到 0 的AppendEntries reply &{Term:3 Success:false}
2023/05/10 15:03:57 4 在 term 3 收到 5 的AppendEntries reply &{Term:3 Success:false}
2023/05/10 15:03:57 4 在term 3 开始发送心跳
2023/05/10 15:03:57 4 在 term 3 收到 0 的AppendEntries reply &{Term:3 Success:false}
2023/05/10 15:03:57 4 在 term 3 收到 6 的AppendEntries reply &{Term:4 Success:false}
2023/05/10 15:03:57 4 在term 4 变成了Follower
2023/05/10 15:03:57 4 在 term 4 收到 5 的AppendEntries reply &{Term:3 Success:false}
2023/05/10 15:03:57 3 在term 4 变成了Candidate并发起选举
2023/05/10 15:03:57 6 在term 5 变成了Candidate并发起选举
2023/05/10 15:03:57 0 在term 5 变成了Follower
2023/05/10 15:03:57 0 在 term 5 给 6 投票
2023/05/10 15:03:57 6 在term 5 收到了 0 的投票, 现在总共票数 824635703400
2023/05/10 15:03:57 5 在term 5 变成了Follower
2023/05/10 15:03:57 5 在 term 5 给 6 投票
2023/05/10 15:03:57 4 在term 5 变成了Follower
2023/05/10 15:03:57 4 在 term 5 给 6 投票
2023/05/10 15:03:57 6 在term 5 收到了 5 的投票, 现在总共票数 824635703400
2023/05/10 15:03:57 6 在term 5 收到了 4 的投票, 现在总共票数 824635703400
2023/05/10 15:03:57 6 在term 5 变成了Leader
2023/05/10 15:03:57 6 在term 5 开始发送心跳
2023/05/10 15:03:57 6 在term 5 开始发送心跳
2023/05/10 15:03:57 6 在 term 5 收到 5 的AppendEntries reply &{Term:5 Success:false}
2023/05/10 15:03:57 6 在 term 5 收到 5 的AppendEntries reply &{Term:5 Success:false}
2023/05/10 15:03:57 6 在 term 5 收到 4 的AppendEntries reply &{Term:5 Success:false}
2023/05/10 15:03:57 6 在 term 5 收到 0 的AppendEntries reply &{Term:5 Success:false}
2023/05/10 15:03:57 6 在 term 5 收到 0 的AppendEntries reply &{Term:5 Success:false}
2023/05/10 15:03:57 6 在 term 5 收到 4 的AppendEntries reply &{Term:5 Success:false}
2023/05/10 15:03:57 6 在term 5 开始发送心跳
2023/05/10 15:03:57 6 在 term 5 收到 4 的AppendEntries reply &{Term:5 Success:false}
2023/05/10 15:03:57 6 在 term 5 收到 5 的AppendEntries reply &{Term:5 Success:false}
2023/05/10 15:03:57 6 在 term 5 收到 0 的AppendEntries reply &{Term:5 Success:false}
2023/05/10 15:03:57 6 在term 5 开始发送心跳
2023/05/10 15:03:57 6 在 term 5 收到 5 的AppendEntries reply &{Term:5 Success:false}
2023/05/10 15:03:57 6 在 term 5 收到 0 的AppendEntries reply &{Term:5 Success:false}
2023/05/10 15:03:57 6 在 term 5 收到 4 的AppendEntries reply &{Term:5 Success:false}
2023/05/10 15:03:57 1 在term 4 变成了Candidate并发起选举
2023/05/10 15:03:57 6 在term 5 开始发送心跳
2023/05/10 15:03:57 2 在term 4 变成了Candidate并发起选举
2023/05/10 15:03:57 6 在 term 5 收到 0 的AppendEntries reply &{Term:5 Success:false}
2023/05/10 15:03:57 6 在 term 5 收到 4 的AppendEntries reply &{Term:5 Success:false}
2023/05/10 15:03:57 6 在 term 5 收到 5 的AppendEntries reply &{Term:5 Success:false}
2023/05/10 15:03:57 6 在term 5 开始发送心跳
2023/05/10 15:03:57 6 在 term 5 收到 5 的AppendEntries reply &{Term:5 Success:false}
2023/05/10 15:03:57 6 在 term 5 收到 0 的AppendEntries reply &{Term:5 Success:false}
2023/05/10 15:03:57 6 在 term 5 收到 4 的AppendEntries reply &{Term:5 Success:false}
2023/05/10 15:03:57 3 在term 5 变成了Candidate并发起选举
2023/05/10 15:03:57 6 在term 5 开始发送心跳
2023/05/10 15:03:57 6 在 term 5 收到 5 的AppendEntries reply &{Term:5 Success:false}
2023/05/10 15:03:57 6 在 term 5 收到 0 的AppendEntries reply &{Term:5 Success:false}
2023/05/10 15:03:57 6 在 term 5 收到 4 的AppendEntries reply &{Term:5 Success:false}
2023/05/10 15:03:57 6 在term 5 开始发送心跳
2023/05/10 15:03:57 6 在 term 5 收到 0 的AppendEntries reply &{Term:5 Success:false}
2023/05/10 15:03:57 6 在 term 5 收到 3 的AppendEntries reply &{Term:5 Success:false}
2023/05/10 15:03:57 6 在 term 5 收到 5 的AppendEntries reply &{Term:5 Success:false}
2023/05/10 15:03:57 2 在term 5 变成了Follower
2023/05/10 15:03:57 6 在 term 5 收到 2 的AppendEntries reply &{Term:5 Success:false}
2023/05/10 15:03:57 6 在term 5 开始发送心跳
2023/05/10 15:03:57 6 在 term 5 收到 2 的AppendEntries reply &{Term:5 Success:false}
2023/05/10 15:03:57 6 在 term 5 收到 0 的AppendEntries reply &{Term:5 Success:false}
2023/05/10 15:03:57 6 在 term 5 收到 5 的AppendEntries reply &{Term:5 Success:false}
2023/05/10 15:03:57 6 在 term 5 收到 3 的AppendEntries reply &{Term:5 Success:false}
2023/05/10 15:03:57 1 在term 5 变成了Candidate并发起选举
2023/05/10 15:03:57 6 在term 5 开始发送心跳
2023/05/10 15:03:57 6 在 term 5 收到 0 的AppendEntries reply &{Term:5 Success:false}
2023/05/10 15:03:57 6 在 term 5 收到 2 的AppendEntries reply &{Term:5 Success:false}
2023/05/10 15:03:57 6 在 term 5 收到 3 的AppendEntries reply &{Term:5 Success:false}
2023/05/10 15:03:57 6 在 term 5 收到 5 的AppendEntries reply &{Term:5 Success:false}
2023/05/10 15:03:57 6 在term 5 开始发送心跳
2023/05/10 15:03:57 6 在 term 5 收到 5 的AppendEntries reply &{Term:5 Success:false}
2023/05/10 15:03:57 6 在 term 5 收到 2 的AppendEntries reply &{Term:5 Success:false}
2023/05/10 15:03:57 6 在 term 5 收到 3 的AppendEntries reply &{Term:5 Success:false}
2023/05/10 15:03:57 6 在 term 5 收到 0 的AppendEntries reply &{Term:5 Success:false}
2023/05/10 15:03:57 6 在term 5 开始发送心跳
2023/05/10 15:03:57 6 在 term 5 收到 3 的AppendEntries reply &{Term:5 Success:false}
2023/05/10 15:03:57 6 在 term 5 收到 5 的AppendEntries reply &{Term:5 Success:false}
2023/05/10 15:03:57 6 在 term 5 收到 0 的AppendEntries reply &{Term:5 Success:false}
2023/05/10 15:03:57 6 在 term 5 收到 2 的AppendEntries reply &{Term:5 Success:false}
2023/05/10 15:03:57 6 在term 5 开始发送心跳
2023/05/10 15:03:57 6 在 term 5 收到 0 的AppendEntries reply &{Term:5 Success:false}
2023/05/10 15:03:57 6 在 term 5 收到 5 的AppendEntries reply &{Term:5 Success:false}
2023/05/10 15:03:57 6 在 term 5 收到 2 的AppendEntries reply &{Term:5 Success:false}
2023/05/10 15:03:57 6 在 term 5 收到 3 的AppendEntries reply &{Term:5 Success:false}
2023/05/10 15:03:57 6 在term 5 开始发送心跳
2023/05/10 15:03:57 6 在 term 5 收到 3 的AppendEntries reply &{Term:5 Success:false}
2023/05/10 15:03:57 6 在 term 5 收到 5 的AppendEntries reply &{Term:5 Success:false}
2023/05/10 15:03:57 6 在 term 5 收到 2 的AppendEntries reply &{Term:5 Success:false}
2023/05/10 15:03:57 6 在 term 5 收到 0 的AppendEntries reply &{Term:5 Success:false}
2023/05/10 15:03:58 6 在term 5 开始发送心跳
2023/05/10 15:03:58 6 在 term 5 收到 5 的AppendEntries reply &{Term:5 Success:false}
2023/05/10 15:03:58 6 在 term 5 收到 3 的AppendEntries reply &{Term:5 Success:false}
2023/05/10 15:03:58 6 在 term 5 收到 0 的AppendEntries reply &{Term:5 Success:false}
2023/05/10 15:03:58 6 在 term 5 收到 2 的AppendEntries reply &{Term:5 Success:false}
2023/05/10 15:03:58 4 在term 6 变成了Candidate并发起选举
2023/05/10 15:03:58 6 在term 5 开始发送心跳
2023/05/10 15:03:58 6 在 term 5 收到 0 的AppendEntries reply &{Term:5 Success:false}
2023/05/10 15:03:58 6 在 term 5 收到 3 的AppendEntries reply &{Term:5 Success:false}
2023/05/10 15:03:58 6 在 term 5 收到 5 的AppendEntries reply &{Term:5 Success:false}
2023/05/10 15:03:58 6 在 term 5 收到 2 的AppendEntries reply &{Term:5 Success:false}
2023/05/10 15:03:58 1 在term 6 变成了Candidate并发起选举
2023/05/10 15:03:58 6 在term 5 开始发送心跳
2023/05/10 15:03:58 6 在 term 5 收到 2 的AppendEntries reply &{Term:5 Success:false}
2023/05/10 15:03:58 6 在 term 5 收到 0 的AppendEntries reply &{Term:5 Success:false}
2023/05/10 15:03:58 6 在 term 5 收到 3 的AppendEntries reply &{Term:5 Success:false}
2023/05/10 15:03:58 6 在 term 5 收到 5 的AppendEntries reply &{Term:5 Success:false}
2023/05/10 15:03:58 6 在term 5 开始发送心跳
2023/05/10 15:03:58 6 在term 5 开始发送心跳
2023/05/10 15:03:58 6 在term 5 开始发送心跳
2023/05/10 15:03:58 6 在term 5 开始发送心跳
2023/05/10 15:03:58 6 在term 5 开始发送心跳
2023/05/10 15:03:58 4 在term 7 变成了Candidate并发起选举
2023/05/10 15:03:58 0 在term 6 变成了Candidate并发起选举
2023/05/10 15:03:58 2 在term 7 变成了Follower
2023/05/10 15:03:58 3 在term 7 变成了Follower
2023/05/10 15:03:58 3 在 term 7 给 4 投票
2023/05/10 15:03:58 2 在 term 7 给 4 投票
2023/05/10 15:03:58 4 在term 7 收到了 3 的投票, 现在总共票数 824637273912
2023/05/10 15:03:58 5 在term 7 变成了Follower
2023/05/10 15:03:58 5 在 term 7 给 4 投票
2023/05/10 15:03:58 4 在term 7 收到了 5 的投票, 现在总共票数 824637273912
2023/05/10 15:03:58 4 在term 7 收到了 2 的投票, 现在总共票数 824637273912
2023/05/10 15:03:58 4 在term 7 变成了Leader
2023/05/10 15:03:58 4 在term 7 开始发送心跳
2023/05/10 15:03:58 4 在term 7 开始发送心跳
2023/05/10 15:03:58 1 在term 7 变成了Follower
2023/05/10 15:03:58 1 在 term 7 给 4 投票
2023/05/10 15:03:58 4 在 term 7 收到 1 的AppendEntries reply &{Term:7 Success:false}
2023/05/10 15:03:58 4 在 term 7 收到 3 的AppendEntries reply &{Term:7 Success:false}
2023/05/10 15:03:58 4 在 term 7 收到 2 的AppendEntries reply &{Term:7 Success:false}
2023/05/10 15:03:58 4 在 term 7 收到 3 的AppendEntries reply &{Term:7 Success:false}
2023/05/10 15:03:58 4 在 term 7 收到 5 的AppendEntries reply &{Term:7 Success:false}
2023/05/10 15:03:58 6 在term 5 开始发送心跳
2023/05/10 15:03:58 4 在 term 7 收到 5 的AppendEntries reply &{Term:7 Success:false}
2023/05/10 15:03:58 4 在 term 7 收到 2 的AppendEntries reply &{Term:7 Success:false}
2023/05/10 15:03:58 4 在 term 7 收到 1 的AppendEntries reply &{Term:7 Success:false}
2023/05/10 15:03:58 4 在term 7 开始发送心跳
2023/05/10 15:03:58 4 在 term 7 收到 5 的AppendEntries reply &{Term:7 Success:false}
2023/05/10 15:03:58 4 在 term 7 收到 3 的AppendEntries reply &{Term:7 Success:false}
2023/05/10 15:03:58 4 在 term 7 收到 1 的AppendEntries reply &{Term:7 Success:false}
2023/05/10 15:03:58 4 在 term 7 收到 2 的AppendEntries reply &{Term:7 Success:false}
2023/05/10 15:03:58 6 在term 5 开始发送心跳
2023/05/10 15:03:58 4 在term 7 开始发送心跳
2023/05/10 15:03:58 4 在 term 7 收到 3 的AppendEntries reply &{Term:7 Success:false}
2023/05/10 15:03:58 4 在 term 7 收到 1 的AppendEntries reply &{Term:7 Success:false}
2023/05/10 15:03:58 4 在 term 7 收到 2 的AppendEntries reply &{Term:7 Success:false}
2023/05/10 15:03:58 4 在 term 7 收到 5 的AppendEntries reply &{Term:7 Success:false}
2023/05/10 15:03:58 6 在term 5 开始发送心跳
2023/05/10 15:03:58 4 在term 7 开始发送心跳
2023/05/10 15:03:58 4 在 term 7 收到 2 的AppendEntries reply &{Term:7 Success:false}
2023/05/10 15:03:58 4 在 term 7 收到 5 的AppendEntries reply &{Term:7 Success:false}
2023/05/10 15:03:58 4 在 term 7 收到 1 的AppendEntries reply &{Term:7 Success:false}
2023/05/10 15:03:58 4 在 term 7 收到 3 的AppendEntries reply &{Term:7 Success:false}
2023/05/10 15:03:58 6 在term 5 开始发送心跳
2023/05/10 15:03:58 4 在term 7 开始发送心跳
2023/05/10 15:03:58 4 在 term 7 收到 5 的AppendEntries reply &{Term:7 Success:false}
2023/05/10 15:03:58 4 在 term 7 收到 3 的AppendEntries reply &{Term:7 Success:false}
2023/05/10 15:03:58 4 在 term 7 收到 2 的AppendEntries reply &{Term:7 Success:false}
2023/05/10 15:03:58 4 在 term 7 收到 1 的AppendEntries reply &{Term:7 Success:false}
2023/05/10 15:03:58 6 在term 5 开始发送心跳
2023/05/10 15:03:58 6 在 term 5 收到 0 的AppendEntries reply &{Term:6 Success:false}
2023/05/10 15:03:58 6 在term 6 变成了Follower
2023/05/10 15:03:58 6 在 term 6 收到 2 的AppendEntries reply &{Term:7 Success:false}
2023/05/10 15:03:58 6 在term 7 变成了Follower
2023/05/10 15:03:58 6 在 term 7 收到 3 的AppendEntries reply &{Term:7 Success:false}
2023/05/10 15:03:58 6 在 term 7 收到 1 的AppendEntries reply &{Term:7 Success:false}
2023/05/10 15:03:58 4 在term 7 开始发送心跳
2023/05/10 15:03:58 4 在term 7 开始发送心跳
2023/05/10 15:03:58 0 在term 7 变成了Candidate并发起选举
2023/05/10 15:03:58 6 在 term 7 给 0 投票
2023/05/10 15:03:58 0 在term 7 收到了 6 的投票, 现在总共票数 824640064248
2023/05/10 15:03:58 4 在term 7 开始发送心跳
2023/05/10 15:03:58 4 在term 7 开始发送心跳
2023/05/10 15:03:58 4 在term 7 开始发送心跳
2023/05/10 15:03:58 3 在term 8 变成了Candidate并发起选举
2023/05/10 15:03:58 1 在term 8 变成了Candidate并发起选举
2023/05/10 15:03:58 0 在term 8 变成了Follower
2023/05/10 15:03:58 0 在 term 8 给 3 投票
2023/05/10 15:03:58 6 在term 8 变成了Follower
2023/05/10 15:03:58 6 在 term 8 给 3 投票
2023/05/10 15:03:58 2 在term 8 变成了Follower
2023/05/10 15:03:58 2 在 term 8 给 3 投票
2023/05/10 15:03:58 3 在term 8 收到了 2 的投票, 现在总共票数 824638062504
2023/05/10 15:03:58 4 在term 7 开始发送心跳
2023/05/10 15:03:58 3 在term 8 收到了 6 的投票, 现在总共票数 824638062504
2023/05/10 15:03:58 5 在term 8 变成了Candidate并发起选举
2023/05/10 15:03:58 3 在term 8 收到了 0 的投票, 现在总共票数 824638062504
2023/05/10 15:03:58 3 在term 8 变成了Leader
2023/05/10 15:03:58 3 在term 8 开始发送心跳
2023/05/10 15:03:58 3 在term 8 开始发送心跳
2023/05/10 15:03:58 3 在 term 8 收到 1 的AppendEntries reply &{Term:8 Success:false}
2023/05/10 15:03:58 3 在 term 8 收到 0 的AppendEntries reply &{Term:8 Success:false}
2023/05/10 15:03:58 3 在 term 8 收到 2 的AppendEntries reply &{Term:8 Success:false}
2023/05/10 15:03:58 3 在 term 8 收到 6 的AppendEntries reply &{Term:8 Success:false}
2023/05/10 15:03:58 3 在 term 8 收到 0 的AppendEntries reply &{Term:8 Success:false}
2023/05/10 15:03:58 3 在 term 8 收到 2 的AppendEntries reply &{Term:8 Success:false}
2023/05/10 15:03:58 3 在 term 8 收到 6 的AppendEntries reply &{Term:8 Success:false}
2023/05/10 15:03:58 3 在 term 8 收到 1 的AppendEntries reply &{Term:8 Success:false}
2023/05/10 15:03:58 3 在term 8 开始发送心跳
2023/05/10 15:03:58 3 在 term 8 收到 1 的AppendEntries reply &{Term:8 Success:false}
2023/05/10 15:03:58 3 在 term 8 收到 6 的AppendEntries reply &{Term:8 Success:false}
2023/05/10 15:03:58 4 在term 7 开始发送心跳
2023/05/10 15:03:58 3 在 term 8 收到 0 的AppendEntries reply &{Term:8 Success:false}
2023/05/10 15:03:58 3 在 term 8 收到 2 的AppendEntries reply &{Term:8 Success:false}
2023/05/10 15:03:59 3 在term 8 开始发送心跳
2023/05/10 15:03:59 4 在term 7 开始发送心跳
2023/05/10 15:03:59 3 在 term 8 收到 1 的AppendEntries reply &{Term:8 Success:false}
2023/05/10 15:03:59 3 在 term 8 收到 0 的AppendEntries reply &{Term:8 Success:false}
2023/05/10 15:03:59 3 在 term 8 收到 2 的AppendEntries reply &{Term:8 Success:false}
2023/05/10 15:03:59 3 在 term 8 收到 6 的AppendEntries reply &{Term:8 Success:false}
2023/05/10 15:03:59 3 在term 8 开始发送心跳
2023/05/10 15:03:59 4 在term 7 开始发送心跳
2023/05/10 15:03:59 3 在 term 8 收到 0 的AppendEntries reply &{Term:8 Success:false}
2023/05/10 15:03:59 3 在 term 8 收到 6 的AppendEntries reply &{Term:8 Success:false}
2023/05/10 15:03:59 3 在 term 8 收到 2 的AppendEntries reply &{Term:8 Success:false}
2023/05/10 15:03:59 3 在 term 8 收到 1 的AppendEntries reply &{Term:8 Success:false}
2023/05/10 15:03:59 3 在term 8 开始发送心跳
2023/05/10 15:03:59 3 在 term 8 收到 0 的AppendEntries reply &{Term:8 Success:false}
2023/05/10 15:03:59 4 在term 7 开始发送心跳
2023/05/10 15:03:59 3 在 term 8 收到 1 的AppendEntries reply &{Term:8 Success:false}
2023/05/10 15:03:59 3 在 term 8 收到 6 的AppendEntries reply &{Term:8 Success:false}
2023/05/10 15:03:59 3 在 term 8 收到 2 的AppendEntries reply &{Term:8 Success:false}
2023/05/10 15:03:59 3 在term 8 开始发送心跳
2023/05/10 15:03:59 3 在 term 8 收到 0 的AppendEntries reply &{Term:8 Success:false}
2023/05/10 15:03:59 4 在term 7 开始发送心跳
2023/05/10 15:03:59 3 在 term 8 收到 1 的AppendEntries reply &{Term:8 Success:false}
2023/05/10 15:03:59 3 在 term 8 收到 6 的AppendEntries reply &{Term:8 Success:false}
2023/05/10 15:03:59 5 在term 9 变成了Candidate并发起选举
2023/05/10 15:03:59 3 在term 8 开始发送心跳
2023/05/10 15:03:59 3 在 term 8 收到 1 的AppendEntries reply &{Term:8 Success:false}
2023/05/10 15:03:59 3 在 term 8 收到 6 的AppendEntries reply &{Term:8 Success:false}
2023/05/10 15:03:59 3 在 term 8 收到 0 的AppendEntries reply &{Term:8 Success:false}
2023/05/10 15:03:59 4 在term 7 开始发送心跳
2023/05/10 15:03:59 3 在term 8 开始发送心跳
2023/05/10 15:03:59 4 在term 7 开始发送心跳
2023/05/10 15:03:59 3 在 term 8 收到 1 的AppendEntries reply &{Term:8 Success:false}
2023/05/10 15:03:59 3 在 term 8 收到 0 的AppendEntries reply &{Term:8 Success:false}
2023/05/10 15:03:59 3 在 term 8 收到 6 的AppendEntries reply &{Term:8 Success:false}
2023/05/10 15:03:59 3 在term 8 开始发送心跳
2023/05/10 15:03:59 4 在term 7 开始发送心跳
2023/05/10 15:03:59 3 在 term 8 收到 0 的AppendEntries reply &{Term:8 Success:false}
2023/05/10 15:03:59 3 在 term 8 收到 1 的AppendEntries reply &{Term:8 Success:false}
2023/05/10 15:03:59 3 在 term 8 收到 6 的AppendEntries reply &{Term:8 Success:false}
2023/05/10 15:03:59 3 在term 8 开始发送心跳
2023/05/10 15:03:59 3 在 term 8 收到 0 的AppendEntries reply &{Term:8 Success:false}
2023/05/10 15:03:59 4 在term 7 开始发送心跳
2023/05/10 15:03:59 3 在 term 8 收到 6 的AppendEntries reply &{Term:8 Success:false}
2023/05/10 15:03:59 3 在 term 8 收到 1 的AppendEntries reply &{Term:8 Success:false}
2023/05/10 15:03:59 3 在term 8 开始发送心跳
2023/05/10 15:03:59 4 在term 7 开始发送心跳
2023/05/10 15:03:59 3 在 term 8 收到 1 的AppendEntries reply &{Term:8 Success:false}
2023/05/10 15:03:59 3 在 term 8 收到 6 的AppendEntries reply &{Term:8 Success:false}
2023/05/10 15:03:59 3 在 term 8 收到 0 的AppendEntries reply &{Term:8 Success:false}
2023/05/10 15:03:59 2 在term 9 变成了Candidate并发起选举
2023/05/10 15:03:59 3 在term 8 开始发送心跳
2023/05/10 15:03:59 3 在 term 8 收到 0 的AppendEntries reply &{Term:8 Success:false}
2023/05/10 15:03:59 3 在 term 8 收到 1 的AppendEntries reply &{Term:8 Success:false}
2023/05/10 15:03:59 3 在 term 8 收到 6 的AppendEntries reply &{Term:8 Success:false}
2023/05/10 15:03:59 4 在term 7 开始发送心跳
2023/05/10 15:03:59 3 在term 8 开始发送心跳
2023/05/10 15:03:59 3 在 term 8 收到 1 的AppendEntries reply &{Term:8 Success:false}
2023/05/10 15:03:59 3 在 term 8 收到 6 的AppendEntries reply &{Term:8 Success:false}
2023/05/10 15:03:59 3 在 term 8 收到 0 的AppendEntries reply &{Term:8 Success:false}
2023/05/10 15:03:59 4 在term 7 开始发送心跳
2023/05/10 15:03:59 3 在term 8 开始发送心跳
2023/05/10 15:03:59 3 在 term 8 收到 1 的AppendEntries reply &{Term:8 Success:false}
2023/05/10 15:03:59 3 在 term 8 收到 0 的AppendEntries reply &{Term:8 Success:false}
2023/05/10 15:03:59 3 在 term 8 收到 6 的AppendEntries reply &{Term:8 Success:false}
2023/05/10 15:03:59 4 在term 7 开始发送心跳
2023/05/10 15:03:59 5 在term 10 变成了Candidate并发起选举
2023/05/10 15:03:59 3 在term 8 开始发送心跳
2023/05/10 15:03:59 3 在 term 8 收到 1 的AppendEntries reply &{Term:8 Success:false}
2023/05/10 15:03:59 3 在 term 8 收到 6 的AppendEntries reply &{Term:8 Success:false}
2023/05/10 15:03:59 3 在 term 8 收到 0 的AppendEntries reply &{Term:8 Success:false}
2023/05/10 15:03:59 4 在term 7 开始发送心跳
2023/05/10 15:03:59 3 在term 8 开始发送心跳
2023/05/10 15:03:59 4 在term 7 开始发送心跳
2023/05/10 15:03:59 4 在 term 7 收到 2 的AppendEntries reply &{Term:9 Success:false}
2023/05/10 15:03:59 4 在term 9 变成了Follower
2023/05/10 15:03:59 4 在 term 9 收到 0 的AppendEntries reply &{Term:8 Success:false}
2023/05/10 15:03:59 4 在 term 9 收到 6 的AppendEntries reply &{Term:8 Success:false}
2023/05/10 15:03:59 3 在term 8 开始发送心跳
2023/05/10 15:03:59 3 在term 8 开始发送心跳
2023/05/10 15:03:59 2 在term 10 变成了Candidate并发起选举
2023/05/10 15:03:59 0 在term 10 变成了Follower
2023/05/10 15:03:59 0 在 term 10 给 2 投票
2023/05/10 15:03:59 2 在term 10 收到了 0 的投票, 现在总共票数 824636339512
2023/05/10 15:03:59 6 在term 10 变成了Follower
2023/05/10 15:03:59 6 在 term 10 给 2 投票
2023/05/10 15:03:59 2 在term 10 收到了 6 的投票, 现在总共票数 824636339512
2023/05/10 15:03:59 4 在term 10 变成了Follower
2023/05/10 15:03:59 4 在 term 10 给 2 投票
2023/05/10 15:03:59 2 在term 10 收到了 4 的投票, 现在总共票数 824636339512
2023/05/10 15:03:59 2 在term 10 变成了Leader
2023/05/10 15:03:59 2 在term 10 开始发送心跳
2023/05/10 15:03:59 2 在term 10 开始发送心跳
2023/05/10 15:03:59 2 在 term 10 收到 0 的AppendEntries reply &{Term:10 Success:false}
2023/05/10 15:03:59 2 在 term 10 收到 6 的AppendEntries reply &{Term:10 Success:false}
2023/05/10 15:03:59 2 在 term 10 收到 4 的AppendEntries reply &{Term:10 Success:false}
2023/05/10 15:03:59 2 在 term 10 收到 0 的AppendEntries reply &{Term:10 Success:false}
2023/05/10 15:03:59 2 在 term 10 收到 4 的AppendEntries reply &{Term:10 Success:false}
2023/05/10 15:03:59 2 在 term 10 收到 6 的AppendEntries reply &{Term:10 Success:false}
2023/05/10 15:03:59 3 在term 8 开始发送心跳
2023/05/10 15:03:59 2 在term 10 开始发送心跳
2023/05/10 15:03:59 2 在 term 10 收到 4 的AppendEntries reply &{Term:10 Success:false}
2023/05/10 15:03:59 2 在 term 10 收到 6 的AppendEntries reply &{Term:10 Success:false}
2023/05/10 15:03:59 2 在 term 10 收到 0 的AppendEntries reply &{Term:10 Success:false}
2023/05/10 15:03:59 3 在term 8 开始发送心跳
2023/05/10 15:03:59 2 在term 10 开始发送心跳
2023/05/10 15:03:59 2 在 term 10 收到 6 的AppendEntries reply &{Term:10 Success:false}
2023/05/10 15:03:59 2 在 term 10 收到 4 的AppendEntries reply &{Term:10 Success:false}
2023/05/10 15:03:59 2 在 term 10 收到 0 的AppendEntries reply &{Term:10 Success:false}
2023/05/10 15:03:59 5 在term 11 变成了Candidate并发起选举
2023/05/10 15:03:59 3 在term 8 开始发送心跳
2023/05/10 15:03:59 2 在term 10 开始发送心跳
2023/05/10 15:03:59 2 在 term 10 收到 0 的AppendEntries reply &{Term:10 Success:false}
2023/05/10 15:03:59 2 在 term 10 收到 4 的AppendEntries reply &{Term:10 Success:false}
2023/05/10 15:03:59 2 在 term 10 收到 6 的AppendEntries reply &{Term:10 Success:false}
2023/05/10 15:04:00 3 在term 8 开始发送心跳
2023/05/10 15:04:00 2 在term 10 开始发送心跳
2023/05/10 15:04:00 2 在 term 10 收到 6 的AppendEntries reply &{Term:10 Success:false}
2023/05/10 15:04:00 2 在 term 10 收到 0 的AppendEntries reply &{Term:10 Success:false}
2023/05/10 15:04:00 2 在 term 10 收到 4 的AppendEntries reply &{Term:10 Success:false}
2023/05/10 15:04:00 3 在term 8 开始发送心跳
2023/05/10 15:04:00 2 在term 10 开始发送心跳
2023/05/10 15:04:00 2 在 term 10 收到 0 的AppendEntries reply &{Term:10 Success:false}
2023/05/10 15:04:00 2 在 term 10 收到 6 的AppendEntries reply &{Term:10 Success:false}
2023/05/10 15:04:00 2 在 term 10 收到 4 的AppendEntries reply &{Term:10 Success:false}
2023/05/10 15:04:00 1 在term 9 变成了Candidate并发起选举
2023/05/10 15:04:00 3 在term 8 开始发送心跳
2023/05/10 15:04:00 2 在term 10 开始发送心跳
2023/05/10 15:04:00 2 在 term 10 收到 0 的AppendEntries reply &{Term:10 Success:false}
2023/05/10 15:04:00 2 在 term 10 收到 4 的AppendEntries reply &{Term:10 Success:false}
2023/05/10 15:04:00 2 在 term 10 收到 6 的AppendEntries reply &{Term:10 Success:false}
2023/05/10 15:04:00 3 在term 8 开始发送心跳
2023/05/10 15:04:00 3 在 term 8 收到 1 的AppendEntries reply &{Term:9 Success:false}
2023/05/10 15:04:00 3 在term 9 变成了Follower
2023/05/10 15:04:00 2 在term 10 开始发送心跳
2023/05/10 15:04:00 3 在 term 9 收到 4 的AppendEntries reply &{Term:10 Success:false}
2023/05/10 15:04:00 3 在term 10 变成了Follower
2023/05/10 15:04:00 3 在 term 10 收到 2 的AppendEntries reply &{Term:10 Success:false}
2023/05/10 15:04:00 3 在 term 10 收到 0 的AppendEntries reply &{Term:10 Success:false}
2023/05/10 15:04:00 1 在term 10 变成了Follower
2023/05/10 15:04:00 2 在 term 10 收到 5 的AppendEntries reply &{Term:11 Success:false}
2023/05/10 15:04:00 2 在term 11 变成了Follower
2023/05/10 15:04:00 2 在 term 11 收到 1 的AppendEntries reply &{Term:10 Success:false}
2023/05/10 15:04:00 2 在 term 11 收到 6 的AppendEntries reply &{Term:10 Success:false}
2023/05/10 15:04:00 3 在 term 10 收到 6 的AppendEntries reply &{Term:10 Success:false}
2023/05/10 15:04:00 2 在 term 11 收到 4 的AppendEntries reply &{Term:10 Success:false}
2023/05/10 15:04:00 3 在 term 10 收到 5 的AppendEntries reply &{Term:11 Success:false}
2023/05/10 15:04:00 3 在term 11 变成了Follower
2023/05/10 15:04:00 2 在 term 11 收到 0 的AppendEntries reply &{Term:10 Success:false}
2023/05/10 15:04:00 2 在 term 11 收到 3 的AppendEntries reply &{Term:11 Success:false}
2023/05/10 15:04:00 5 在term 12 变成了Candidate并发起选举
2023/05/10 15:04:00 6 在term 12 变成了Follower
2023/05/10 15:04:00 6 在 term 12 给 5 投票
2023/05/10 15:04:00 4 在term 12 变成了Follower
2023/05/10 15:04:00 4 在 term 12 给 5 投票
2023/05/10 15:04:00 2 在term 12 变成了Follower
2023/05/10 15:04:00 2 在 term 12 给 5 投票
2023/05/10 15:04:00 1 在term 12 变成了Follower
2023/05/10 15:04:00 1 在 term 12 给 5 投票
2023/05/10 15:04:00 5 在term 12 收到了 4 的投票, 现在总共票数 824642270824
2023/05/10 15:04:00 5 在term 12 收到了 2 的投票, 现在总共票数 824642270824
2023/05/10 15:04:00 3 在term 12 变成了Follower
2023/05/10 15:04:00 3 在 term 12 给 5 投票
2023/05/10 15:04:00 5 在term 12 收到了 1 的投票, 现在总共票数 824642270824
2023/05/10 15:04:00 5 在term 12 变成了Leader
2023/05/10 15:04:00 5 在term 12 开始发送心跳
2023/05/10 15:04:00 5 在term 12 开始发送心跳
2023/05/10 15:04:00 0 在term 12 变成了Follower
2023/05/10 15:04:00 0 在 term 12 给 5 投票
2023/05/10 15:04:00 5 在 term 12 收到 1 的AppendEntries reply &{Term:12 Success:false}
2023/05/10 15:04:00 5 在 term 12 收到 4 的AppendEntries reply &{Term:12 Success:false}
2023/05/10 15:04:00 5 在 term 12 收到 2 的AppendEntries reply &{Term:12 Success:false}
2023/05/10 15:04:00 5 在 term 12 收到 3 的AppendEntries reply &{Term:12 Success:false}
2023/05/10 15:04:00 5 在 term 12 收到 0 的AppendEntries reply &{Term:12 Success:false}
2023/05/10 15:04:00 5 在 term 12 收到 6 的AppendEntries reply &{Term:12 Success:false}
2023/05/10 15:04:00 5 在 term 12 收到 0 的AppendEntries reply &{Term:12 Success:false}
2023/05/10 15:04:00 5 在 term 12 收到 4 的AppendEntries reply &{Term:12 Success:false}
2023/05/10 15:04:00 5 在 term 12 收到 1 的AppendEntries reply &{Term:12 Success:false}
2023/05/10 15:04:00 5 在 term 12 收到 6 的AppendEntries reply &{Term:12 Success:false}
2023/05/10 15:04:00 5 在 term 12 收到 2 的AppendEntries reply &{Term:12 Success:false}
2023/05/10 15:04:00 5 在 term 12 收到 3 的AppendEntries reply &{Term:12 Success:false}
2023/05/10 15:04:00 5 在term 12 开始发送心跳
2023/05/10 15:04:00 5 在 term 12 收到 0 的AppendEntries reply &{Term:12 Success:false}
2023/05/10 15:04:00 5 在 term 12 收到 6 的AppendEntries reply &{Term:12 Success:false}
2023/05/10 15:04:00 5 在 term 12 收到 1 的AppendEntries reply &{Term:12 Success:false}
2023/05/10 15:04:00 5 在 term 12 收到 2 的AppendEntries reply &{Term:12 Success:false}
2023/05/10 15:04:00 5 在 term 12 收到 3 的AppendEntries reply &{Term:12 Success:false}
2023/05/10 15:04:00 5 在 term 12 收到 4 的AppendEntries reply &{Term:12 Success:false}
2023/05/10 15:04:00 5 在term 12 开始发送心跳
2023/05/10 15:04:00 5 在 term 12 收到 0 的AppendEntries reply &{Term:12 Success:false}
2023/05/10 15:04:00 5 在 term 12 收到 4 的AppendEntries reply &{Term:12 Success:false}
2023/05/10 15:04:00 5 在 term 12 收到 3 的AppendEntries reply &{Term:12 Success:false}
2023/05/10 15:04:00 5 在 term 12 收到 6 的AppendEntries reply &{Term:12 Success:false}
2023/05/10 15:04:00 5 在 term 12 收到 1 的AppendEntries reply &{Term:12 Success:false}
2023/05/10 15:04:00 5 在 term 12 收到 2 的AppendEntries reply &{Term:12 Success:false}
2023/05/10 15:04:00 5 在term 12 开始发送心跳
2023/05/10 15:04:00 5 在 term 12 收到 4 的AppendEntries reply &{Term:12 Success:false}
2023/05/10 15:04:00 5 在 term 12 收到 3 的AppendEntries reply &{Term:12 Success:false}
2023/05/10 15:04:00 5 在 term 12 收到 1 的AppendEntries reply &{Term:12 Success:false}
2023/05/10 15:04:00 5 在 term 12 收到 2 的AppendEntries reply &{Term:12 Success:false}
2023/05/10 15:04:00 5 在 term 12 收到 0 的AppendEntries reply &{Term:12 Success:false}
2023/05/10 15:04:00 5 在 term 12 收到 6 的AppendEntries reply &{Term:12 Success:false}
2023/05/10 15:04:00 5 在term 12 开始发送心跳
2023/05/10 15:04:00 5 在 term 12 收到 0 的AppendEntries reply &{Term:12 Success:false}
2023/05/10 15:04:00 5 在 term 12 收到 6 的AppendEntries reply &{Term:12 Success:false}
2023/05/10 15:04:00 5 在 term 12 收到 3 的AppendEntries reply &{Term:12 Success:false}
2023/05/10 15:04:00 5 在 term 12 收到 2 的AppendEntries reply &{Term:12 Success:false}
2023/05/10 15:04:00 5 在 term 12 收到 1 的AppendEntries reply &{Term:12 Success:false}
2023/05/10 15:04:00 5 在 term 12 收到 4 的AppendEntries reply &{Term:12 Success:false}
2023/05/10 15:04:00 5 在term 12 开始发送心跳
2023/05/10 15:04:00 5 在 term 12 收到 3 的AppendEntries reply &{Term:12 Success:false}
2023/05/10 15:04:00 5 在 term 12 收到 2 的AppendEntries reply &{Term:12 Success:false}
2023/05/10 15:04:00 5 在 term 12 收到 1 的AppendEntries reply &{Term:12 Success:false}
2023/05/10 15:04:00 5 在 term 12 收到 4 的AppendEntries reply &{Term:12 Success:false}
2023/05/10 15:04:00 5 在 term 12 收到 6 的AppendEntries reply &{Term:12 Success:false}
2023/05/10 15:04:00 5 在 term 12 收到 0 的AppendEntries reply &{Term:12 Success:false}
2023/05/10 15:04:00 5 在term 12 开始发送心跳
2023/05/10 15:04:00 5 在 term 12 收到 2 的AppendEntries reply &{Term:12 Success:false}
2023/05/10 15:04:00 5 在 term 12 收到 0 的AppendEntries reply &{Term:12 Success:false}
2023/05/10 15:04:00 5 在 term 12 收到 3 的AppendEntries reply &{Term:12 Success:false}
2023/05/10 15:04:00 5 在 term 12 收到 1 的AppendEntries reply &{Term:12 Success:false}
2023/05/10 15:04:00 5 在 term 12 收到 4 的AppendEntries reply &{Term:12 Success:false}
2023/05/10 15:04:00 5 在 term 12 收到 6 的AppendEntries reply &{Term:12 Success:false}
  ... Passed --   5.5  7 1020  211198    0
PASS
ok  	6.824/raft	13.147s
