2023/05/13 18:14:13 服务器开始运行
2023/05/13 18:14:13 服务器开始运行
2023/05/13 18:14:13 服务器开始运行
Test (2D): snapshots basic ...
2023/05/13 18:14:13 2 在term 1 变成了Candidate并发起选举
2023/05/13 18:14:13 1 在term 1 变成了Follower
2023/05/13 18:14:13 1 在 term 1 给 2 投票, lastLogIndex : 0 , lastLogTerm(-1表示日志还是空的) :  0
2023/05/13 18:14:13 0 在term 1 变成了Follower
2023/05/13 18:14:13 0 在 term 1 给 2 投票, lastLogIndex : 0 , lastLogTerm(-1表示日志还是空的) :  0
2023/05/13 18:14:13 2 在term 1 收到了 1 的投票, 现在总共票数 2
2023/05/13 18:14:13 2 在term 1 变成了Leader
2023/05/13 18:14:13 2 在term 1 开始发送AppendEntries, nextIndex: [1 1 1]
2023/05/13 18:14:13 2 在term 1 给 0 发送AppendEntries, rf.nextIndex[0]: 1, args.PrevLogIndex 0, args.PrevLogTerm 0
2023/05/13 18:14:13 2 在term 1 给 1 发送AppendEntries, rf.nextIndex[1]: 1, args.PrevLogIndex 0, args.PrevLogTerm 0
2023/05/13 18:14:13 2 在term 1 开始发送AppendEntries, nextIndex: [1 1 1]
2023/05/13 18:14:13 2 在term 1 给 0 发送AppendEntries, rf.nextIndex[0]: 1, args.PrevLogIndex 0, args.PrevLogTerm 0
2023/05/13 18:14:13 2 在term 1 给 1 发送AppendEntries, rf.nextIndex[1]: 1, args.PrevLogIndex 0, args.PrevLogTerm 0
2023/05/13 18:14:13 1 在 term 1 收到来自 2 的AppendEntries, PrevLogIndex: 0 , PrevLogTerm: 0 
2023/05/13 18:14:13 2 在 term 1 收到 1 的AppendEntries reply &{Term:1 Success:true Conflict:false XTerm:0 XIndex:0 XLen:0}
2023/05/13 18:14:13 2 在 term 1 更新了nextInde[1]: 1 , 更新了matchIndex[1]: 0 .
2023/05/13 18:14:13 0 在 term 1 收到来自 2 的AppendEntries, PrevLogIndex: 0 , PrevLogTerm: 0 
2023/05/13 18:14:13 0 在 term 1 收到来自 2 的AppendEntries, PrevLogIndex: 0 , PrevLogTerm: 0 
2023/05/13 18:14:13 1 在 term 1 收到来自 2 的AppendEntries, PrevLogIndex: 0 , PrevLogTerm: 0 
2023/05/13 18:14:13 2 在 term 1 收到 0 的AppendEntries reply &{Term:1 Success:true Conflict:false XTerm:0 XIndex:0 XLen:0}
2023/05/13 18:14:13 2 在 term 1 更新了nextInde[0]: 1 , 更新了matchIndex[0]: 0 .
2023/05/13 18:14:13 2 在 term 1 收到 1 的AppendEntries reply &{Term:1 Success:true Conflict:false XTerm:0 XIndex:0 XLen:0}
2023/05/13 18:14:13 2 在 term 1 更新了nextInde[1]: 1 , 更新了matchIndex[1]: 0 .
2023/05/13 18:14:13 2 在 term 1 收到 0 的AppendEntries reply &{Term:1 Success:true Conflict:false XTerm:0 XIndex:0 XLen:0}
2023/05/13 18:14:13 2 在 term 1 更新了nextInde[0]: 1 , 更新了matchIndex[0]: 0 .
2023/05/13 18:14:13 2 在 term 1 写入了日志, LogIndex : 1 , LogTerm : 1, Command: 1619464281649823827
2023/05/13 18:14:13 2 在term 1 开始发送AppendEntries, nextIndex: [1 1 1]
2023/05/13 18:14:13 2 在term 1 给 0 发送AppendEntries, rf.nextIndex[0]: 1, args.PrevLogIndex 0, args.PrevLogTerm 0
2023/05/13 18:14:13 2 在term 1 给 1 发送AppendEntries, rf.nextIndex[1]: 1, args.PrevLogIndex 0, args.PrevLogTerm 0
2023/05/13 18:14:13 0 在 term 1 收到来自 2 的AppendEntries, PrevLogIndex: 0 , PrevLogTerm: 0 
2023/05/13 18:14:13 1 在 term 1 收到来自 2 的AppendEntries, PrevLogIndex: 0 , PrevLogTerm: 0 
2023/05/13 18:14:13 2 在 term 1 收到 0 的AppendEntries reply &{Term:1 Success:true Conflict:false XTerm:0 XIndex:0 XLen:0}
2023/05/13 18:14:13 2 在 term 1 更新了nextInde[0]: 2 , 更新了matchIndex[0]: 1 .
2023/05/13 18:14:13 2 在 term 1 收到 1 的AppendEntries reply &{Term:1 Success:true Conflict:false XTerm:0 XIndex:0 XLen:0}
2023/05/13 18:14:13 2 在 term 1 更新了nextInde[1]: 2 , 更新了matchIndex[1]: 1 .
2023/05/13 18:14:13 2 在 term 1 往状态机成功发送 Msg {CommandValid:true Command:1619464281649823827 CommandIndex:1 SnapshotValid:false Snapshot:[] SnapshotTerm:0 SnapshotIndex:0}
2023/05/13 18:14:13 2 在term 1 开始发送AppendEntries, nextIndex: [2 2 1]
2023/05/13 18:14:13 2 在term 1 给 0 发送AppendEntries, rf.nextIndex[0]: 2, args.PrevLogIndex 1, args.PrevLogTerm 1
2023/05/13 18:14:13 2 在term 1 给 1 发送AppendEntries, rf.nextIndex[1]: 2, args.PrevLogIndex 1, args.PrevLogTerm 1
2023/05/13 18:14:13 0 在 term 1 收到来自 2 的AppendEntries, PrevLogIndex: 1 , PrevLogTerm: 1 
2023/05/13 18:14:13 1 在 term 1 收到来自 2 的AppendEntries, PrevLogIndex: 1 , PrevLogTerm: 1 
2023/05/13 18:14:13 0 在 term 1 往状态机成功发送 Msg {CommandValid:true Command:1619464281649823827 CommandIndex:1 SnapshotValid:false Snapshot:[] SnapshotTerm:0 SnapshotIndex:0}
2023/05/13 18:14:13 1 在 term 1 往状态机成功发送 Msg {CommandValid:true Command:1619464281649823827 CommandIndex:1 SnapshotValid:false Snapshot:[] SnapshotTerm:0 SnapshotIndex:0}
2023/05/13 18:14:13 2 在 term 1 收到 0 的AppendEntries reply &{Term:1 Success:true Conflict:false XTerm:0 XIndex:0 XLen:0}
2023/05/13 18:14:13 2 在 term 1 更新了nextInde[0]: 2 , 更新了matchIndex[0]: 1 .
2023/05/13 18:14:13 2 在 term 1 收到 1 的AppendEntries reply &{Term:1 Success:true Conflict:false XTerm:0 XIndex:0 XLen:0}
2023/05/13 18:14:13 2 在 term 1 更新了nextInde[1]: 2 , 更新了matchIndex[1]: 1 .
2023/05/13 18:14:13 2 在term 1 开始发送AppendEntries, nextIndex: [2 2 1]
2023/05/13 18:14:13 2 在term 1 给 0 发送AppendEntries, rf.nextIndex[0]: 2, args.PrevLogIndex 1, args.PrevLogTerm 1
2023/05/13 18:14:13 2 在term 1 给 1 发送AppendEntries, rf.nextIndex[1]: 2, args.PrevLogIndex 1, args.PrevLogTerm 1
2023/05/13 18:14:13 1 在 term 1 收到来自 2 的AppendEntries, PrevLogIndex: 1 , PrevLogTerm: 1 
2023/05/13 18:14:13 0 在 term 1 收到来自 2 的AppendEntries, PrevLogIndex: 1 , PrevLogTerm: 1 
2023/05/13 18:14:13 2 在 term 1 收到 0 的AppendEntries reply &{Term:1 Success:true Conflict:false XTerm:0 XIndex:0 XLen:0}
2023/05/13 18:14:13 2 在 term 1 更新了nextInde[0]: 2 , 更新了matchIndex[0]: 1 .
2023/05/13 18:14:13 2 在 term 1 收到 1 的AppendEntries reply &{Term:1 Success:true Conflict:false XTerm:0 XIndex:0 XLen:0}
2023/05/13 18:14:13 2 在 term 1 更新了nextInde[1]: 2 , 更新了matchIndex[1]: 1 .
2023/05/13 18:14:13 2 在term 1 开始发送AppendEntries, nextIndex: [2 2 1]
2023/05/13 18:14:13 2 在term 1 给 0 发送AppendEntries, rf.nextIndex[0]: 2, args.PrevLogIndex 1, args.PrevLogTerm 1
2023/05/13 18:14:13 2 在term 1 给 1 发送AppendEntries, rf.nextIndex[1]: 2, args.PrevLogIndex 1, args.PrevLogTerm 1
2023/05/13 18:14:13 0 在 term 1 收到来自 2 的AppendEntries, PrevLogIndex: 1 , PrevLogTerm: 1 
2023/05/13 18:14:13 2 在 term 1 收到 0 的AppendEntries reply &{Term:1 Success:true Conflict:false XTerm:0 XIndex:0 XLen:0}
2023/05/13 18:14:13 2 在 term 1 更新了nextInde[0]: 2 , 更新了matchIndex[0]: 1 .
2023/05/13 18:14:13 1 在 term 1 收到来自 2 的AppendEntries, PrevLogIndex: 1 , PrevLogTerm: 1 
2023/05/13 18:14:13 2 在 term 1 收到 1 的AppendEntries reply &{Term:1 Success:true Conflict:false XTerm:0 XIndex:0 XLen:0}
2023/05/13 18:14:13 2 在 term 1 更新了nextInde[1]: 2 , 更新了matchIndex[1]: 1 .
2023/05/13 18:14:13 2 在term 1 开始发送AppendEntries, nextIndex: [2 2 1]
2023/05/13 18:14:13 2 在term 1 给 0 发送AppendEntries, rf.nextIndex[0]: 2, args.PrevLogIndex 1, args.PrevLogTerm 1
2023/05/13 18:14:13 2 在term 1 给 1 发送AppendEntries, rf.nextIndex[1]: 2, args.PrevLogIndex 1, args.PrevLogTerm 1
2023/05/13 18:14:13 0 在 term 1 收到来自 2 的AppendEntries, PrevLogIndex: 1 , PrevLogTerm: 1 
2023/05/13 18:14:13 2 在 term 1 收到 0 的AppendEntries reply &{Term:1 Success:true Conflict:false XTerm:0 XIndex:0 XLen:0}
2023/05/13 18:14:13 2 在 term 1 更新了nextInde[0]: 2 , 更新了matchIndex[0]: 1 .
2023/05/13 18:14:13 1 在 term 1 收到来自 2 的AppendEntries, PrevLogIndex: 1 , PrevLogTerm: 1 
2023/05/13 18:14:13 2 在 term 1 收到 1 的AppendEntries reply &{Term:1 Success:true Conflict:false XTerm:0 XIndex:0 XLen:0}
2023/05/13 18:14:13 2 在 term 1 更新了nextInde[1]: 2 , 更新了matchIndex[1]: 1 .
2023/05/13 18:14:14 2 在term 1 开始发送AppendEntries, nextIndex: [2 2 1]
2023/05/13 18:14:14 2 在term 1 给 0 发送AppendEntries, rf.nextIndex[0]: 2, args.PrevLogIndex 1, args.PrevLogTerm 1
2023/05/13 18:14:14 2 在term 1 给 1 发送AppendEntries, rf.nextIndex[1]: 2, args.PrevLogIndex 1, args.PrevLogTerm 1
2023/05/13 18:14:14 1 在 term 1 收到来自 2 的AppendEntries, PrevLogIndex: 1 , PrevLogTerm: 1 
2023/05/13 18:14:14 2 在 term 1 收到 1 的AppendEntries reply &{Term:1 Success:true Conflict:false XTerm:0 XIndex:0 XLen:0}
2023/05/13 18:14:14 2 在 term 1 更新了nextInde[1]: 2 , 更新了matchIndex[1]: 1 .
2023/05/13 18:14:14 0 在 term 1 收到来自 2 的AppendEntries, PrevLogIndex: 1 , PrevLogTerm: 1 
2023/05/13 18:14:14 2 在 term 1 收到 0 的AppendEntries reply &{Term:1 Success:true Conflict:false XTerm:0 XIndex:0 XLen:0}
2023/05/13 18:14:14 2 在 term 1 更新了nextInde[0]: 2 , 更新了matchIndex[0]: 1 .
2023/05/13 18:14:14 2 在term 1 开始发送AppendEntries, nextIndex: [2 2 1]
2023/05/13 18:14:14 2 在term 1 给 0 发送AppendEntries, rf.nextIndex[0]: 2, args.PrevLogIndex 1, args.PrevLogTerm 1
2023/05/13 18:14:14 2 在term 1 给 1 发送AppendEntries, rf.nextIndex[1]: 2, args.PrevLogIndex 1, args.PrevLogTerm 1
2023/05/13 18:14:14 1 在 term 1 收到来自 2 的AppendEntries, PrevLogIndex: 1 , PrevLogTerm: 1 
2023/05/13 18:14:14 2 在 term 1 收到 1 的AppendEntries reply &{Term:1 Success:true Conflict:false XTerm:0 XIndex:0 XLen:0}
2023/05/13 18:14:14 2 在 term 1 更新了nextInde[1]: 2 , 更新了matchIndex[1]: 1 .
2023/05/13 18:14:14 0 在 term 1 收到来自 2 的AppendEntries, PrevLogIndex: 1 , PrevLogTerm: 1 
2023/05/13 18:14:14 2 在 term 1 收到 0 的AppendEntries reply &{Term:1 Success:true Conflict:false XTerm:0 XIndex:0 XLen:0}
2023/05/13 18:14:14 2 在 term 1 更新了nextInde[0]: 2 , 更新了matchIndex[0]: 1 .
2023/05/13 18:14:14 2 在 term 1 写入了日志, LogIndex : 2 , LogTerm : 1, Command: 8440335565204529514
2023/05/13 18:14:14 2 在term 1 开始发送AppendEntries, nextIndex: [2 2 1]
2023/05/13 18:14:14 2 在term 1 给 0 发送AppendEntries, rf.nextIndex[0]: 2, args.PrevLogIndex 1, args.PrevLogTerm 1
2023/05/13 18:14:14 2 在term 1 给 1 发送AppendEntries, rf.nextIndex[1]: 2, args.PrevLogIndex 1, args.PrevLogTerm 1
2023/05/13 18:14:14 2 在 term 1 写入了日志, LogIndex : 3 , LogTerm : 1, Command: 6039058472649519938
2023/05/13 18:14:14 2 在term 1 开始发送AppendEntries, nextIndex: [2 2 1]
2023/05/13 18:14:14 2 在term 1 给 0 发送AppendEntries, rf.nextIndex[0]: 2, args.PrevLogIndex 1, args.PrevLogTerm 1
2023/05/13 18:14:14 2 在term 1 给 1 发送AppendEntries, rf.nextIndex[1]: 2, args.PrevLogIndex 1, args.PrevLogTerm 1
2023/05/13 18:14:14 2 在 term 1 写入了日志, LogIndex : 4 , LogTerm : 1, Command: 2148569272662128238
2023/05/13 18:14:14 2 在term 1 开始发送AppendEntries, nextIndex: [2 2 1]
2023/05/13 18:14:14 2 在term 1 给 0 发送AppendEntries, rf.nextIndex[0]: 2, args.PrevLogIndex 1, args.PrevLogTerm 1
2023/05/13 18:14:14 2 在term 1 给 1 发送AppendEntries, rf.nextIndex[1]: 2, args.PrevLogIndex 1, args.PrevLogTerm 1
2023/05/13 18:14:14 2 在 term 1 写入了日志, LogIndex : 5 , LogTerm : 1, Command: 1735073954000995744
2023/05/13 18:14:14 2 在term 1 开始发送AppendEntries, nextIndex: [2 2 1]
2023/05/13 18:14:14 2 在term 1 给 0 发送AppendEntries, rf.nextIndex[0]: 2, args.PrevLogIndex 1, args.PrevLogTerm 1
2023/05/13 18:14:14 2 在term 1 给 1 发送AppendEntries, rf.nextIndex[1]: 2, args.PrevLogIndex 1, args.PrevLogTerm 1
2023/05/13 18:14:14 2 在 term 1 写入了日志, LogIndex : 6 , LogTerm : 1, Command: 1521559087030628727
2023/05/13 18:14:14 2 在term 1 开始发送AppendEntries, nextIndex: [2 2 1]
2023/05/13 18:14:14 2 在term 1 给 0 发送AppendEntries, rf.nextIndex[0]: 2, args.PrevLogIndex 1, args.PrevLogTerm 1
2023/05/13 18:14:14 2 在term 1 给 1 发送AppendEntries, rf.nextIndex[1]: 2, args.PrevLogIndex 1, args.PrevLogTerm 1
2023/05/13 18:14:14 2 在 term 1 写入了日志, LogIndex : 7 , LogTerm : 1, Command: 7766115320029837270
2023/05/13 18:14:14 2 在term 1 开始发送AppendEntries, nextIndex: [2 2 1]
2023/05/13 18:14:14 2 在term 1 给 0 发送AppendEntries, rf.nextIndex[0]: 2, args.PrevLogIndex 1, args.PrevLogTerm 1
2023/05/13 18:14:14 2 在term 1 给 1 发送AppendEntries, rf.nextIndex[1]: 2, args.PrevLogIndex 1, args.PrevLogTerm 1
2023/05/13 18:14:14 2 在 term 1 写入了日志, LogIndex : 8 , LogTerm : 1, Command: 6945638803438598557
2023/05/13 18:14:14 2 在term 1 开始发送AppendEntries, nextIndex: [2 2 1]
2023/05/13 18:14:14 2 在term 1 给 0 发送AppendEntries, rf.nextIndex[0]: 2, args.PrevLogIndex 1, args.PrevLogTerm 1
2023/05/13 18:14:14 2 在term 1 给 1 发送AppendEntries, rf.nextIndex[1]: 2, args.PrevLogIndex 1, args.PrevLogTerm 1
2023/05/13 18:14:14 2 在 term 1 写入了日志, LogIndex : 9 , LogTerm : 1, Command: 971451942441667824
2023/05/13 18:14:14 2 在term 1 开始发送AppendEntries, nextIndex: [2 2 1]
2023/05/13 18:14:14 2 在term 1 给 0 发送AppendEntries, rf.nextIndex[0]: 2, args.PrevLogIndex 1, args.PrevLogTerm 1
2023/05/13 18:14:14 2 在term 1 给 1 发送AppendEntries, rf.nextIndex[1]: 2, args.PrevLogIndex 1, args.PrevLogTerm 1
2023/05/13 18:14:14 2 在 term 1 写入了日志, LogIndex : 10 , LogTerm : 1, Command: 7288233758118693093
2023/05/13 18:14:14 2 在term 1 开始发送AppendEntries, nextIndex: [2 2 1]
2023/05/13 18:14:14 2 在term 1 给 0 发送AppendEntries, rf.nextIndex[0]: 2, args.PrevLogIndex 1, args.PrevLogTerm 1
2023/05/13 18:14:14 2 在term 1 给 1 发送AppendEntries, rf.nextIndex[1]: 2, args.PrevLogIndex 1, args.PrevLogTerm 1
2023/05/13 18:14:14 2 在 term 1 写入了日志, LogIndex : 11 , LogTerm : 1, Command: 3343670120486372781
2023/05/13 18:14:14 2 在term 1 开始发送AppendEntries, nextIndex: [2 2 1]
2023/05/13 18:14:14 2 在term 1 给 0 发送AppendEntries, rf.nextIndex[0]: 2, args.PrevLogIndex 1, args.PrevLogTerm 1
2023/05/13 18:14:14 2 在term 1 给 1 发送AppendEntries, rf.nextIndex[1]: 2, args.PrevLogIndex 1, args.PrevLogTerm 1
2023/05/13 18:14:14 2 在 term 1 写入了日志, LogIndex : 12 , LogTerm : 1, Command: 4866003850421593573
2023/05/13 18:14:14 2 在term 1 开始发送AppendEntries, nextIndex: [2 2 1]
2023/05/13 18:14:14 2 在term 1 给 0 发送AppendEntries, rf.nextIndex[0]: 2, args.PrevLogIndex 1, args.PrevLogTerm 1
2023/05/13 18:14:14 2 在term 1 给 1 发送AppendEntries, rf.nextIndex[1]: 2, args.PrevLogIndex 1, args.PrevLogTerm 1
2023/05/13 18:14:14 0 在 term 1 收到来自 2 的AppendEntries, PrevLogIndex: 1 , PrevLogTerm: 1 
2023/05/13 18:14:14 1 在 term 1 收到来自 2 的AppendEntries, PrevLogIndex: 1 , PrevLogTerm: 1 
2023/05/13 18:14:14 1 在 term 1 收到来自 2 的AppendEntries, PrevLogIndex: 1 , PrevLogTerm: 1 
2023/05/13 18:14:14 2 在 term 1 写入了日志, LogIndex : 13 , LogTerm : 1, Command: 7745252545642572450
2023/05/13 18:14:14 2 在term 1 开始发送AppendEntries, nextIndex: [2 2 1]
2023/05/13 18:14:14 2 在term 1 给 0 发送AppendEntries, rf.nextIndex[0]: 2, args.PrevLogIndex 1, args.PrevLogTerm 1
2023/05/13 18:14:14 2 在term 1 给 1 发送AppendEntries, rf.nextIndex[1]: 2, args.PrevLogIndex 1, args.PrevLogTerm 1
2023/05/13 18:14:14 2 在 term 1 收到 0 的AppendEntries reply &{Term:1 Success:true Conflict:false XTerm:0 XIndex:0 XLen:0}
2023/05/13 18:14:14 2 在 term 1 更新了nextInde[0]: 13 , 更新了matchIndex[0]: 12 .
2023/05/13 18:14:14 2 在 term 1 收到 1 的AppendEntries reply &{Term:1 Success:true Conflict:false XTerm:0 XIndex:0 XLen:0}
2023/05/13 18:14:14 2 在 term 1 更新了nextInde[1]: 13 , 更新了matchIndex[1]: 12 .
2023/05/13 18:14:14 2 在 term 1 收到 1 的AppendEntries reply &{Term:1 Success:true Conflict:false XTerm:0 XIndex:0 XLen:0}
2023/05/13 18:14:14 2 在 term 1 更新了nextInde[1]: 13 , 更新了matchIndex[1]: 12 .
2023/05/13 18:14:14 0 在 term 1 收到来自 2 的AppendEntries, PrevLogIndex: 1 , PrevLogTerm: 1 
2023/05/13 18:14:14 1 在 term 1 收到来自 2 的AppendEntries, PrevLogIndex: 1 , PrevLogTerm: 1 
2023/05/13 18:14:14 2 在 term 1 收到 1 的AppendEntries reply &{Term:1 Success:true Conflict:false XTerm:0 XIndex:0 XLen:0}
2023/05/13 18:14:14 2 在 term 1 更新了nextInde[1]: 13 , 更新了matchIndex[1]: 12 .
2023/05/13 18:14:14 0 在 term 1 收到来自 2 的AppendEntries, PrevLogIndex: 1 , PrevLogTerm: 1 
2023/05/13 18:14:14 0 在 term 1 收到来自 2 的AppendEntries, PrevLogIndex: 1 , PrevLogTerm: 1 
2023/05/13 18:14:14 1 在 term 1 收到来自 2 的AppendEntries, PrevLogIndex: 1 , PrevLogTerm: 1 
2023/05/13 18:14:14 2 在 term 1 收到 1 的AppendEntries reply &{Term:1 Success:true Conflict:false XTerm:0 XIndex:0 XLen:0}
2023/05/13 18:14:14 2 在 term 1 更新了nextInde[1]: 14 , 更新了matchIndex[1]: 13 .
2023/05/13 18:14:14 2 在 term 1 收到 0 的AppendEntries reply &{Term:1 Success:true Conflict:false XTerm:0 XIndex:0 XLen:0}
2023/05/13 18:14:14 2 在 term 1 更新了nextInde[0]: 13 , 更新了matchIndex[0]: 12 .
2023/05/13 18:14:14 1 在 term 1 收到来自 2 的AppendEntries, PrevLogIndex: 1 , PrevLogTerm: 1 
2023/05/13 18:14:14 1 在 term 1 收到来自 2 的AppendEntries, PrevLogIndex: 1 , PrevLogTerm: 1 
2023/05/13 18:14:14 0 在 term 1 收到来自 2 的AppendEntries, PrevLogIndex: 1 , PrevLogTerm: 1 
2023/05/13 18:14:14 0 在 term 1 收到来自 2 的AppendEntries, PrevLogIndex: 1 , PrevLogTerm: 1 
2023/05/13 18:14:14 0 在 term 1 收到来自 2 的AppendEntries, PrevLogIndex: 1 , PrevLogTerm: 1 
2023/05/13 18:14:14 1 在 term 1 收到来自 2 的AppendEntries, PrevLogIndex: 1 , PrevLogTerm: 1 
2023/05/13 18:14:14 1 在 term 1 收到来自 2 的AppendEntries, PrevLogIndex: 1 , PrevLogTerm: 1 
2023/05/13 18:14:14 2 在 term 1 收到 1 的AppendEntries reply &{Term:1 Success:true Conflict:false XTerm:0 XIndex:0 XLen:0}
2023/05/13 18:14:14 2 在 term 1 更新了nextInde[1]: 14 , 更新了matchIndex[1]: 13 .
2023/05/13 18:14:14 0 在 term 1 收到来自 2 的AppendEntries, PrevLogIndex: 1 , PrevLogTerm: 1 
2023/05/13 18:14:14 2 在 term 1 收到 0 的AppendEntries reply &{Term:1 Success:true Conflict:false XTerm:0 XIndex:0 XLen:0}
2023/05/13 18:14:14 2 在 term 1 更新了nextInde[0]: 13 , 更新了matchIndex[0]: 12 .
2023/05/13 18:14:14 2 在 term 1 收到 1 的AppendEntries reply &{Term:1 Success:true Conflict:false XTerm:0 XIndex:0 XLen:0}
2023/05/13 18:14:14 2 在 term 1 更新了nextInde[1]: 14 , 更新了matchIndex[1]: 13 .
2023/05/13 18:14:14 2 在 term 1 收到 0 的AppendEntries reply &{Term:1 Success:true Conflict:false XTerm:0 XIndex:0 XLen:0}
2023/05/13 18:14:14 2 在 term 1 更新了nextInde[0]: 13 , 更新了matchIndex[0]: 12 .
2023/05/13 18:14:14 2 在 term 1 收到 0 的AppendEntries reply &{Term:1 Success:true Conflict:false XTerm:0 XIndex:0 XLen:0}
2023/05/13 18:14:14 2 在 term 1 更新了nextInde[0]: 13 , 更新了matchIndex[0]: 12 .
2023/05/13 18:14:14 0 在 term 1 收到来自 2 的AppendEntries, PrevLogIndex: 1 , PrevLogTerm: 1 
2023/05/13 18:14:14 2 在 term 1 往状态机成功发送 Msg {CommandValid:true Command:8440335565204529514 CommandIndex:2 SnapshotValid:false Snapshot:[] SnapshotTerm:0 SnapshotIndex:0}
2023/05/13 18:14:14 2 在 term 1 收到 1 的AppendEntries reply &{Term:1 Success:true Conflict:false XTerm:0 XIndex:0 XLen:0}
2023/05/13 18:14:14 2 在 term 1 更新了nextInde[1]: 14 , 更新了matchIndex[1]: 13 .
2023/05/13 18:14:14 1 在 term 1 收到来自 2 的AppendEntries, PrevLogIndex: 1 , PrevLogTerm: 1 
2023/05/13 18:14:14 1 在 term 1 收到来自 2 的AppendEntries, PrevLogIndex: 1 , PrevLogTerm: 1 
2023/05/13 18:14:14 2 在 term 1 收到 0 的AppendEntries reply &{Term:1 Success:true Conflict:false XTerm:0 XIndex:0 XLen:0}
2023/05/13 18:14:14 2 在 term 1 更新了nextInde[0]: 13 , 更新了matchIndex[0]: 12 .
2023/05/13 18:14:14 2 在 term 1 收到 0 的AppendEntries reply &{Term:1 Success:true Conflict:false XTerm:0 XIndex:0 XLen:0}
2023/05/13 18:14:14 2 在 term 1 更新了nextInde[0]: 13 , 更新了matchIndex[0]: 12 .
2023/05/13 18:14:14 2 在 term 1 往状态机成功发送 Msg {CommandValid:true Command:6039058472649519938 CommandIndex:3 SnapshotValid:false Snapshot:[] SnapshotTerm:0 SnapshotIndex:0}
2023/05/13 18:14:14 2 在 term 1 往状态机成功发送 Msg {CommandValid:true Command:2148569272662128238 CommandIndex:4 SnapshotValid:false Snapshot:[] SnapshotTerm:0 SnapshotIndex:0}
2023/05/13 18:14:14 2 在 term 1 收到 1 的AppendEntries reply &{Term:1 Success:true Conflict:false XTerm:0 XIndex:0 XLen:0}
2023/05/13 18:14:14 2 在 term 1 更新了nextInde[1]: 14 , 更新了matchIndex[1]: 13 .
2023/05/13 18:14:14 2 在 term 1 收到 0 的AppendEntries reply &{Term:1 Success:true Conflict:false XTerm:0 XIndex:0 XLen:0}
2023/05/13 18:14:14 2 在 term 1 更新了nextInde[0]: 14 , 更新了matchIndex[0]: 13 .
2023/05/13 18:14:14 2 在 term 1 收到 0 的AppendEntries reply &{Term:1 Success:true Conflict:false XTerm:0 XIndex:0 XLen:0}
2023/05/13 18:14:14 2 在 term 1 更新了nextInde[0]: 14 , 更新了matchIndex[0]: 13 .
2023/05/13 18:14:14 2 在 term 1 往状态机成功发送 Msg {CommandValid:true Command:1735073954000995744 CommandIndex:5 SnapshotValid:false Snapshot:[] SnapshotTerm:0 SnapshotIndex:0}
2023/05/13 18:14:14 2 在 term 1 往状态机成功发送 Msg {CommandValid:true Command:1521559087030628727 CommandIndex:6 SnapshotValid:false Snapshot:[] SnapshotTerm:0 SnapshotIndex:0}
2023/05/13 18:14:14 2 在 term 1 往状态机成功发送 Msg {CommandValid:true Command:7766115320029837270 CommandIndex:7 SnapshotValid:false Snapshot:[] SnapshotTerm:0 SnapshotIndex:0}
2023/05/13 18:14:14 2 在 term 1 往状态机成功发送 Msg {CommandValid:true Command:6945638803438598557 CommandIndex:8 SnapshotValid:false Snapshot:[] SnapshotTerm:0 SnapshotIndex:0}
2023/05/13 18:14:14 2 在term 1 丢弃了后面的日志, 并以lastIncludedIndex: 9 开始
2023/05/13 18:14:14 0 在 term 1 收到来自 2 的AppendEntries, PrevLogIndex: 1 , PrevLogTerm: 1 
2023/05/13 18:14:14 2 在 term 1 收到 1 的AppendEntries reply &{Term:1 Success:true Conflict:false XTerm:0 XIndex:0 XLen:0}
2023/05/13 18:14:14 2 在 term 1 更新了nextInde[1]: 14 , 更新了matchIndex[1]: 13 .
2023/05/13 18:14:14 2 在 term 1 收到 1 的AppendEntries reply &{Term:1 Success:true Conflict:false XTerm:0 XIndex:0 XLen:0}
2023/05/13 18:14:14 2 在 term 1 更新了nextInde[1]: 14 , 更新了matchIndex[1]: 13 .
2023/05/13 18:14:14 0 在 term 1 收到来自 2 的AppendEntries, PrevLogIndex: 1 , PrevLogTerm: 1 
2023/05/13 18:14:14 2 在 term 1 往状态机成功发送 Msg {CommandValid:true Command:971451942441667824 CommandIndex:9 SnapshotValid:false Snapshot:[] SnapshotTerm:0 SnapshotIndex:0}
2023/05/13 18:14:14 2 在 term 1 往状态机成功发送 Msg {CommandValid:true Command:7288233758118693093 CommandIndex:10 SnapshotValid:false Snapshot:[] SnapshotTerm:0 SnapshotIndex:0}
2023/05/13 18:14:14 1 在 term 1 收到来自 2 的AppendEntries, PrevLogIndex: 1 , PrevLogTerm: 1 
2023/05/13 18:14:14 1 在 term 1 收到来自 2 的AppendEntries, PrevLogIndex: 1 , PrevLogTerm: 1 
2023/05/13 18:14:14 2 在 term 1 收到 1 的AppendEntries reply &{Term:1 Success:true Conflict:false XTerm:0 XIndex:0 XLen:0}
2023/05/13 18:14:14 2 在 term 1 更新了nextInde[1]: 14 , 更新了matchIndex[1]: 13 .
2023/05/13 18:14:14 2 在 term 1 往状态机成功发送 Msg {CommandValid:true Command:3343670120486372781 CommandIndex:11 SnapshotValid:false Snapshot:[] SnapshotTerm:0 SnapshotIndex:0}
2023/05/13 18:14:14 2 在 term 1 往状态机成功发送 Msg {CommandValid:true Command:4866003850421593573 CommandIndex:12 SnapshotValid:false Snapshot:[] SnapshotTerm:0 SnapshotIndex:0}
2023/05/13 18:14:14 2 在 term 1 往状态机成功发送 Msg {CommandValid:true Command:7745252545642572450 CommandIndex:13 SnapshotValid:false Snapshot:[] SnapshotTerm:0 SnapshotIndex:0}
2023/05/13 18:14:14 2 在 term 1 收到 1 的AppendEntries reply &{Term:1 Success:true Conflict:false XTerm:0 XIndex:0 XLen:0}
2023/05/13 18:14:14 2 在 term 1 更新了nextInde[1]: 14 , 更新了matchIndex[1]: 13 .
2023/05/13 18:14:14 0 在 term 1 收到来自 2 的AppendEntries, PrevLogIndex: 1 , PrevLogTerm: 1 
2023/05/13 18:14:14 2 在 term 1 收到 0 的AppendEntries reply &{Term:1 Success:true Conflict:false XTerm:0 XIndex:0 XLen:0}
2023/05/13 18:14:14 2 在 term 1 更新了nextInde[0]: 14 , 更新了matchIndex[0]: 13 .
2023/05/13 18:14:14 2 在 term 1 收到 0 的AppendEntries reply &{Term:1 Success:true Conflict:false XTerm:0 XIndex:0 XLen:0}
2023/05/13 18:14:14 2 在 term 1 更新了nextInde[0]: 14 , 更新了matchIndex[0]: 13 .
2023/05/13 18:14:14 2 在 term 1 收到 0 的AppendEntries reply &{Term:1 Success:true Conflict:false XTerm:0 XIndex:0 XLen:0}
2023/05/13 18:14:14 2 在 term 1 更新了nextInde[0]: 14 , 更新了matchIndex[0]: 13 .
2023/05/13 18:14:14 2 在term 1 开始发送AppendEntries, nextIndex: [14 14 1]
2023/05/13 18:14:14 2 在term 1 给 0 发送AppendEntries, rf.nextIndex[0]: 14, args.PrevLogIndex 13, args.PrevLogTerm 1
2023/05/13 18:14:14 2 在term 1 给 1 发送AppendEntries, rf.nextIndex[1]: 14, args.PrevLogIndex 13, args.PrevLogTerm 1
2023/05/13 18:14:14 0 在 term 1 收到来自 2 的AppendEntries, PrevLogIndex: 13 , PrevLogTerm: 1 
2023/05/13 18:14:14 0 在 term 1 往状态机成功发送 Msg {CommandValid:true Command:8440335565204529514 CommandIndex:2 SnapshotValid:false Snapshot:[] SnapshotTerm:0 SnapshotIndex:0}
2023/05/13 18:14:14 2 在 term 1 收到 0 的AppendEntries reply &{Term:1 Success:true Conflict:false XTerm:0 XIndex:0 XLen:0}
2023/05/13 18:14:14 2 在 term 1 更新了nextInde[0]: 14 , 更新了matchIndex[0]: 13 .
2023/05/13 18:14:14 1 在 term 1 收到来自 2 的AppendEntries, PrevLogIndex: 13 , PrevLogTerm: 1 
2023/05/13 18:14:14 1 在 term 1 往状态机成功发送 Msg {CommandValid:true Command:8440335565204529514 CommandIndex:2 SnapshotValid:false Snapshot:[] SnapshotTerm:0 SnapshotIndex:0}
2023/05/13 18:14:14 1 在 term 1 往状态机成功发送 Msg {CommandValid:true Command:6039058472649519938 CommandIndex:3 SnapshotValid:false Snapshot:[] SnapshotTerm:0 SnapshotIndex:0}
2023/05/13 18:14:14 1 在 term 1 往状态机成功发送 Msg {CommandValid:true Command:2148569272662128238 CommandIndex:4 SnapshotValid:false Snapshot:[] SnapshotTerm:0 SnapshotIndex:0}
2023/05/13 18:14:14 1 在 term 1 往状态机成功发送 Msg {CommandValid:true Command:1735073954000995744 CommandIndex:5 SnapshotValid:false Snapshot:[] SnapshotTerm:0 SnapshotIndex:0}
2023/05/13 18:14:14 1 在 term 1 往状态机成功发送 Msg {CommandValid:true Command:1521559087030628727 CommandIndex:6 SnapshotValid:false Snapshot:[] SnapshotTerm:0 SnapshotIndex:0}
2023/05/13 18:14:14 1 在 term 1 往状态机成功发送 Msg {CommandValid:true Command:7766115320029837270 CommandIndex:7 SnapshotValid:false Snapshot:[] SnapshotTerm:0 SnapshotIndex:0}
2023/05/13 18:14:14 1 在 term 1 往状态机成功发送 Msg {CommandValid:true Command:6945638803438598557 CommandIndex:8 SnapshotValid:false Snapshot:[] SnapshotTerm:0 SnapshotIndex:0}
2023/05/13 18:14:14 1 在term 1 丢弃了后面的日志, 并以lastIncludedIndex: 9 开始
2023/05/13 18:14:14 1 在 term 1 往状态机成功发送 Msg {CommandValid:true Command:971451942441667824 CommandIndex:9 SnapshotValid:false Snapshot:[] SnapshotTerm:0 SnapshotIndex:0}
2023/05/13 18:14:14 1 在 term 1 往状态机成功发送 Msg {CommandValid:true Command:7288233758118693093 CommandIndex:10 SnapshotValid:false Snapshot:[] SnapshotTerm:0 SnapshotIndex:0}
2023/05/13 18:14:14 1 在 term 1 往状态机成功发送 Msg {CommandValid:true Command:3343670120486372781 CommandIndex:11 SnapshotValid:false Snapshot:[] SnapshotTerm:0 SnapshotIndex:0}
2023/05/13 18:14:14 1 在 term 1 往状态机成功发送 Msg {CommandValid:true Command:4866003850421593573 CommandIndex:12 SnapshotValid:false Snapshot:[] SnapshotTerm:0 SnapshotIndex:0}
2023/05/13 18:14:14 1 在 term 1 往状态机成功发送 Msg {CommandValid:true Command:7745252545642572450 CommandIndex:13 SnapshotValid:false Snapshot:[] SnapshotTerm:0 SnapshotIndex:0}
2023/05/13 18:14:14 2 在 term 1 收到 1 的AppendEntries reply &{Term:1 Success:true Conflict:false XTerm:0 XIndex:0 XLen:0}
2023/05/13 18:14:14 2 在 term 1 更新了nextInde[1]: 14 , 更新了matchIndex[1]: 13 .
2023/05/13 18:14:14 0 在 term 1 往状态机成功发送 Msg {CommandValid:true Command:6039058472649519938 CommandIndex:3 SnapshotValid:false Snapshot:[] SnapshotTerm:0 SnapshotIndex:0}
2023/05/13 18:14:14 0 在 term 1 往状态机成功发送 Msg {CommandValid:true Command:2148569272662128238 CommandIndex:4 SnapshotValid:false Snapshot:[] SnapshotTerm:0 SnapshotIndex:0}
2023/05/13 18:14:14 0 在 term 1 往状态机成功发送 Msg {CommandValid:true Command:1735073954000995744 CommandIndex:5 SnapshotValid:false Snapshot:[] SnapshotTerm:0 SnapshotIndex:0}
2023/05/13 18:14:14 0 在 term 1 往状态机成功发送 Msg {CommandValid:true Command:1521559087030628727 CommandIndex:6 SnapshotValid:false Snapshot:[] SnapshotTerm:0 SnapshotIndex:0}
2023/05/13 18:14:14 0 在 term 1 往状态机成功发送 Msg {CommandValid:true Command:7766115320029837270 CommandIndex:7 SnapshotValid:false Snapshot:[] SnapshotTerm:0 SnapshotIndex:0}
2023/05/13 18:14:14 0 在 term 1 往状态机成功发送 Msg {CommandValid:true Command:6945638803438598557 CommandIndex:8 SnapshotValid:false Snapshot:[] SnapshotTerm:0 SnapshotIndex:0}
2023/05/13 18:14:14 0 在term 1 丢弃了后面的日志, 并以lastIncludedIndex: 9 开始
2023/05/13 18:14:14 0 在 term 1 往状态机成功发送 Msg {CommandValid:true Command:971451942441667824 CommandIndex:9 SnapshotValid:false Snapshot:[] SnapshotTerm:0 SnapshotIndex:0}
2023/05/13 18:14:14 0 在 term 1 往状态机成功发送 Msg {CommandValid:true Command:7288233758118693093 CommandIndex:10 SnapshotValid:false Snapshot:[] SnapshotTerm:0 SnapshotIndex:0}
2023/05/13 18:14:14 0 在 term 1 往状态机成功发送 Msg {CommandValid:true Command:3343670120486372781 CommandIndex:11 SnapshotValid:false Snapshot:[] SnapshotTerm:0 SnapshotIndex:0}
2023/05/13 18:14:14 0 在 term 1 往状态机成功发送 Msg {CommandValid:true Command:4866003850421593573 CommandIndex:12 SnapshotValid:false Snapshot:[] SnapshotTerm:0 SnapshotIndex:0}
2023/05/13 18:14:14 0 在 term 1 往状态机成功发送 Msg {CommandValid:true Command:7745252545642572450 CommandIndex:13 SnapshotValid:false Snapshot:[] SnapshotTerm:0 SnapshotIndex:0}
2023/05/13 18:14:14 2 在 term 1 写入了日志, LogIndex : 14 , LogTerm : 1, Command: 4869038698345407152
2023/05/13 18:14:14 2 在term 1 开始发送AppendEntries, nextIndex: [14 14 1]
2023/05/13 18:14:14 2 在term 1 给 0 发送AppendEntries, rf.nextIndex[0]: 14, args.PrevLogIndex 13, args.PrevLogTerm 1
2023/05/13 18:14:14 2 在term 1 给 1 发送AppendEntries, rf.nextIndex[1]: 14, args.PrevLogIndex 13, args.PrevLogTerm 1
2023/05/13 18:14:14 0 在 term 1 收到来自 2 的AppendEntries, PrevLogIndex: 13 , PrevLogTerm: 1 
2023/05/13 18:14:14 2 在 term 1 收到 0 的AppendEntries reply &{Term:1 Success:true Conflict:false XTerm:0 XIndex:0 XLen:0}
2023/05/13 18:14:14 2 在 term 1 更新了nextInde[0]: 15 , 更新了matchIndex[0]: 14 .
2023/05/13 18:14:14 1 在 term 1 收到来自 2 的AppendEntries, PrevLogIndex: 13 , PrevLogTerm: 1 
2023/05/13 18:14:14 2 在 term 1 收到 1 的AppendEntries reply &{Term:1 Success:true Conflict:false XTerm:0 XIndex:0 XLen:0}
2023/05/13 18:14:14 2 在 term 1 更新了nextInde[1]: 15 , 更新了matchIndex[1]: 14 .
2023/05/13 18:14:14 2 在 term 1 往状态机成功发送 Msg {CommandValid:true Command:4869038698345407152 CommandIndex:14 SnapshotValid:false Snapshot:[] SnapshotTerm:0 SnapshotIndex:0}
2023/05/13 18:14:14 2 在term 1 开始发送AppendEntries, nextIndex: [15 15 1]
2023/05/13 18:14:14 2 在term 1 给 0 发送AppendEntries, rf.nextIndex[0]: 15, args.PrevLogIndex 14, args.PrevLogTerm 1
2023/05/13 18:14:14 2 在term 1 给 1 发送AppendEntries, rf.nextIndex[1]: 15, args.PrevLogIndex 14, args.PrevLogTerm 1
2023/05/13 18:14:14 1 在 term 1 收到来自 2 的AppendEntries, PrevLogIndex: 14 , PrevLogTerm: 1 
2023/05/13 18:14:14 1 在 term 1 往状态机成功发送 Msg {CommandValid:true Command:4869038698345407152 CommandIndex:14 SnapshotValid:false Snapshot:[] SnapshotTerm:0 SnapshotIndex:0}
2023/05/13 18:14:14 2 在 term 1 收到 1 的AppendEntries reply &{Term:1 Success:true Conflict:false XTerm:0 XIndex:0 XLen:0}
2023/05/13 18:14:14 2 在 term 1 更新了nextInde[1]: 15 , 更新了matchIndex[1]: 14 .
2023/05/13 18:14:14 0 在 term 1 收到来自 2 的AppendEntries, PrevLogIndex: 14 , PrevLogTerm: 1 
2023/05/13 18:14:14 2 在 term 1 收到 0 的AppendEntries reply &{Term:1 Success:true Conflict:false XTerm:0 XIndex:0 XLen:0}
2023/05/13 18:14:14 2 在 term 1 更新了nextInde[0]: 15 , 更新了matchIndex[0]: 14 .
2023/05/13 18:14:14 0 在 term 1 往状态机成功发送 Msg {CommandValid:true Command:4869038698345407152 CommandIndex:14 SnapshotValid:false Snapshot:[] SnapshotTerm:0 SnapshotIndex:0}
2023/05/13 18:14:14 2 在 term 1 写入了日志, LogIndex : 15 , LogTerm : 1, Command: 7776015573962567298
2023/05/13 18:14:14 2 在term 1 开始发送AppendEntries, nextIndex: [15 15 1]
2023/05/13 18:14:14 2 在term 1 给 0 发送AppendEntries, rf.nextIndex[0]: 15, args.PrevLogIndex 14, args.PrevLogTerm 1
2023/05/13 18:14:14 2 在term 1 给 1 发送AppendEntries, rf.nextIndex[1]: 15, args.PrevLogIndex 14, args.PrevLogTerm 1
2023/05/13 18:14:14 2 在 term 1 写入了日志, LogIndex : 16 , LogTerm : 1, Command: 4691093905333324722
2023/05/13 18:14:14 2 在term 1 开始发送AppendEntries, nextIndex: [15 15 1]
2023/05/13 18:14:14 2 在term 1 给 0 发送AppendEntries, rf.nextIndex[0]: 15, args.PrevLogIndex 14, args.PrevLogTerm 1
2023/05/13 18:14:14 2 在term 1 给 1 发送AppendEntries, rf.nextIndex[1]: 15, args.PrevLogIndex 14, args.PrevLogTerm 1
2023/05/13 18:14:14 2 在 term 1 写入了日志, LogIndex : 17 , LogTerm : 1, Command: 7450392845316251365
2023/05/13 18:14:14 2 在term 1 开始发送AppendEntries, nextIndex: [15 15 1]
2023/05/13 18:14:14 2 在term 1 给 0 发送AppendEntries, rf.nextIndex[0]: 15, args.PrevLogIndex 14, args.PrevLogTerm 1
2023/05/13 18:14:14 2 在term 1 给 1 发送AppendEntries, rf.nextIndex[1]: 15, args.PrevLogIndex 14, args.PrevLogTerm 1
2023/05/13 18:14:14 2 在 term 1 写入了日志, LogIndex : 18 , LogTerm : 1, Command: 2122419567216937858
2023/05/13 18:14:14 2 在term 1 开始发送AppendEntries, nextIndex: [15 15 1]
2023/05/13 18:14:14 2 在term 1 给 0 发送AppendEntries, rf.nextIndex[0]: 15, args.PrevLogIndex 14, args.PrevLogTerm 1
2023/05/13 18:14:14 2 在term 1 给 1 发送AppendEntries, rf.nextIndex[1]: 15, args.PrevLogIndex 14, args.PrevLogTerm 1
2023/05/13 18:14:14 2 在 term 1 写入了日志, LogIndex : 19 , LogTerm : 1, Command: 7542368037247005610
2023/05/13 18:14:14 2 在term 1 开始发送AppendEntries, nextIndex: [15 15 1]
2023/05/13 18:14:14 2 在term 1 给 0 发送AppendEntries, rf.nextIndex[0]: 15, args.PrevLogIndex 14, args.PrevLogTerm 1
2023/05/13 18:14:14 2 在term 1 给 1 发送AppendEntries, rf.nextIndex[1]: 15, args.PrevLogIndex 14, args.PrevLogTerm 1
2023/05/13 18:14:14 2 在 term 1 写入了日志, LogIndex : 20 , LogTerm : 1, Command: 4855632754290600163
2023/05/13 18:14:14 2 在term 1 开始发送AppendEntries, nextIndex: [15 15 1]
2023/05/13 18:14:14 2 在term 1 给 0 发送AppendEntries, rf.nextIndex[0]: 15, args.PrevLogIndex 14, args.PrevLogTerm 1
2023/05/13 18:14:14 2 在term 1 给 1 发送AppendEntries, rf.nextIndex[1]: 15, args.PrevLogIndex 14, args.PrevLogTerm 1
2023/05/13 18:14:14 2 在 term 1 写入了日志, LogIndex : 21 , LogTerm : 1, Command: 6943907750016041587
2023/05/13 18:14:14 2 在term 1 开始发送AppendEntries, nextIndex: [15 15 1]
2023/05/13 18:14:14 2 在term 1 给 0 发送AppendEntries, rf.nextIndex[0]: 15, args.PrevLogIndex 14, args.PrevLogTerm 1
2023/05/13 18:14:14 2 在term 1 给 1 发送AppendEntries, rf.nextIndex[1]: 15, args.PrevLogIndex 14, args.PrevLogTerm 1
2023/05/13 18:14:14 2 在 term 1 写入了日志, LogIndex : 22 , LogTerm : 1, Command: 5015340572576346877
2023/05/13 18:14:14 2 在term 1 开始发送AppendEntries, nextIndex: [15 15 1]
2023/05/13 18:14:14 2 在term 1 给 0 发送AppendEntries, rf.nextIndex[0]: 15, args.PrevLogIndex 14, args.PrevLogTerm 1
2023/05/13 18:14:14 2 在term 1 给 1 发送AppendEntries, rf.nextIndex[1]: 15, args.PrevLogIndex 14, args.PrevLogTerm 1
2023/05/13 18:14:14 2 在 term 1 写入了日志, LogIndex : 23 , LogTerm : 1, Command: 3235013734372274967
2023/05/13 18:14:14 2 在term 1 开始发送AppendEntries, nextIndex: [15 15 1]
2023/05/13 18:14:14 2 在term 1 给 0 发送AppendEntries, rf.nextIndex[0]: 15, args.PrevLogIndex 14, args.PrevLogTerm 1
2023/05/13 18:14:14 2 在term 1 给 1 发送AppendEntries, rf.nextIndex[1]: 15, args.PrevLogIndex 14, args.PrevLogTerm 1
2023/05/13 18:14:14 2 在 term 1 写入了日志, LogIndex : 24 , LogTerm : 1, Command: 4151437353383932936
2023/05/13 18:14:14 2 在term 1 开始发送AppendEntries, nextIndex: [15 15 1]
2023/05/13 18:14:14 2 在term 1 给 0 发送AppendEntries, rf.nextIndex[0]: 15, args.PrevLogIndex 14, args.PrevLogTerm 1
2023/05/13 18:14:14 2 在term 1 给 1 发送AppendEntries, rf.nextIndex[1]: 15, args.PrevLogIndex 14, args.PrevLogTerm 1
2023/05/13 18:14:14 2 在 term 1 写入了日志, LogIndex : 25 , LogTerm : 1, Command: 5460875151012726864
2023/05/13 18:14:14 2 在term 1 开始发送AppendEntries, nextIndex: [15 15 1]
2023/05/13 18:14:14 2 在term 1 给 0 发送AppendEntries, rf.nextIndex[0]: 15, args.PrevLogIndex 14, args.PrevLogTerm 1
2023/05/13 18:14:14 2 在term 1 给 1 发送AppendEntries, rf.nextIndex[1]: 15, args.PrevLogIndex 14, args.PrevLogTerm 1
2023/05/13 18:14:14 2 在 term 1 写入了日志, LogIndex : 26 , LogTerm : 1, Command: 8989053274539175399
2023/05/13 18:14:14 2 在term 1 开始发送AppendEntries, nextIndex: [15 15 1]
2023/05/13 18:14:14 2 在term 1 给 0 发送AppendEntries, rf.nextIndex[0]: 15, args.PrevLogIndex 14, args.PrevLogTerm 1
2023/05/13 18:14:14 2 在term 1 给 1 发送AppendEntries, rf.nextIndex[1]: 15, args.PrevLogIndex 14, args.PrevLogTerm 1
2023/05/13 18:14:14 1 在 term 1 收到来自 2 的AppendEntries, PrevLogIndex: 14 , PrevLogTerm: 1 
2023/05/13 18:14:14 1 在 term 1 收到来自 2 的AppendEntries, PrevLogIndex: 14 , PrevLogTerm: 1 
2023/05/13 18:14:14 2 在 term 1 收到 1 的AppendEntries reply &{Term:1 Success:true Conflict:false XTerm:0 XIndex:0 XLen:0}
2023/05/13 18:14:14 2 在 term 1 更新了nextInde[1]: 24 , 更新了matchIndex[1]: 23 .
2023/05/13 18:14:14 0 在 term 1 收到来自 2 的AppendEntries, PrevLogIndex: 14 , PrevLogTerm: 1 
2023/05/13 18:14:14 1 在 term 1 收到来自 2 的AppendEntries, PrevLogIndex: 14 , PrevLogTerm: 1 
2023/05/13 18:14:14 2 在 term 1 收到 1 的AppendEntries reply &{Term:1 Success:true Conflict:false XTerm:0 XIndex:0 XLen:0}
2023/05/13 18:14:14 2 在 term 1 更新了nextInde[1]: 24 , 更新了matchIndex[1]: 23 .
2023/05/13 18:14:14 2 在 term 1 收到 0 的AppendEntries reply &{Term:1 Success:true Conflict:false XTerm:0 XIndex:0 XLen:0}
2023/05/13 18:14:14 2 在 term 1 更新了nextInde[0]: 25 , 更新了matchIndex[0]: 24 .
2023/05/13 18:14:14 1 在 term 1 收到来自 2 的AppendEntries, PrevLogIndex: 14 , PrevLogTerm: 1 
2023/05/13 18:14:14 2 在 term 1 收到 1 的AppendEntries reply &{Term:1 Success:true Conflict:false XTerm:0 XIndex:0 XLen:0}
2023/05/13 18:14:14 2 在 term 1 更新了nextInde[1]: 24 , 更新了matchIndex[1]: 23 .
2023/05/13 18:14:14 0 在 term 1 收到来自 2 的AppendEntries, PrevLogIndex: 14 , PrevLogTerm: 1 
2023/05/13 18:14:14 1 在 term 1 收到来自 2 的AppendEntries, PrevLogIndex: 14 , PrevLogTerm: 1 
2023/05/13 18:14:14 2 在 term 1 收到 0 的AppendEntries reply &{Term:1 Success:true Conflict:false XTerm:0 XIndex:0 XLen:0}
2023/05/13 18:14:14 2 在 term 1 更新了nextInde[0]: 25 , 更新了matchIndex[0]: 24 .
2023/05/13 18:14:14 0 在 term 1 收到来自 2 的AppendEntries, PrevLogIndex: 14 , PrevLogTerm: 1 
2023/05/13 18:14:14 1 在 term 1 收到来自 2 的AppendEntries, PrevLogIndex: 14 , PrevLogTerm: 1 
2023/05/13 18:14:14 2 在 term 1 收到 0 的AppendEntries reply &{Term:1 Success:true Conflict:false XTerm:0 XIndex:0 XLen:0}
2023/05/13 18:14:14 2 在 term 1 更新了nextInde[0]: 26 , 更新了matchIndex[0]: 25 .
2023/05/13 18:14:14 1 在 term 1 收到来自 2 的AppendEntries, PrevLogIndex: 14 , PrevLogTerm: 1 
2023/05/13 18:14:14 0 在 term 1 收到来自 2 的AppendEntries, PrevLogIndex: 14 , PrevLogTerm: 1 
2023/05/13 18:14:14 0 在 term 1 收到来自 2 的AppendEntries, PrevLogIndex: 14 , PrevLogTerm: 1 
2023/05/13 18:14:14 0 在 term 1 收到来自 2 的AppendEntries, PrevLogIndex: 14 , PrevLogTerm: 1 
2023/05/13 18:14:14 2 在 term 1 收到 0 的AppendEntries reply &{Term:1 Success:true Conflict:false XTerm:0 XIndex:0 XLen:0}
2023/05/13 18:14:14 2 在 term 1 更新了nextInde[0]: 26 , 更新了matchIndex[0]: 25 .
2023/05/13 18:14:14 2 在 term 1 收到 1 的AppendEntries reply &{Term:1 Success:true Conflict:false XTerm:0 XIndex:0 XLen:0}
2023/05/13 18:14:14 2 在 term 1 更新了nextInde[1]: 24 , 更新了matchIndex[1]: 23 .
2023/05/13 18:14:14 2 在 term 1 收到 0 的AppendEntries reply &{Term:1 Success:true Conflict:false XTerm:0 XIndex:0 XLen:0}
2023/05/13 18:14:14 2 在 term 1 更新了nextInde[0]: 26 , 更新了matchIndex[0]: 25 .
2023/05/13 18:14:14 2 在 term 1 收到 1 的AppendEntries reply &{Term:1 Success:true Conflict:false XTerm:0 XIndex:0 XLen:0}
2023/05/13 18:14:14 2 在 term 1 更新了nextInde[1]: 25 , 更新了matchIndex[1]: 24 .
2023/05/13 18:14:14 1 在 term 1 收到来自 2 的AppendEntries, PrevLogIndex: 14 , PrevLogTerm: 1 
2023/05/13 18:14:14 2 在 term 1 收到 0 的AppendEntries reply &{Term:1 Success:true Conflict:false XTerm:0 XIndex:0 XLen:0}
2023/05/13 18:14:14 2 在 term 1 更新了nextInde[0]: 26 , 更新了matchIndex[0]: 25 .
2023/05/13 18:14:14 2 在 term 1 收到 1 的AppendEntries reply &{Term:1 Success:true Conflict:false XTerm:0 XIndex:0 XLen:0}
2023/05/13 18:14:14 2 在 term 1 更新了nextInde[1]: 25 , 更新了matchIndex[1]: 24 .
2023/05/13 18:14:14 2 在 term 1 收到 1 的AppendEntries reply &{Term:1 Success:true Conflict:false XTerm:0 XIndex:0 XLen:0}
2023/05/13 18:14:14 2 在 term 1 更新了nextInde[1]: 25 , 更新了matchIndex[1]: 24 .
2023/05/13 18:14:14 2 在 term 1 往状态机成功发送 Msg {CommandValid:true Command:7776015573962567298 CommandIndex:15 SnapshotValid:false Snapshot:[] SnapshotTerm:0 SnapshotIndex:0}
2023/05/13 18:14:14 0 在 term 1 收到来自 2 的AppendEntries, PrevLogIndex: 14 , PrevLogTerm: 1 
2023/05/13 18:14:14 0 在 term 1 收到来自 2 的AppendEntries, PrevLogIndex: 14 , PrevLogTerm: 1 
2023/05/13 18:14:14 0 在 term 1 收到来自 2 的AppendEntries, PrevLogIndex: 14 , PrevLogTerm: 1 
2023/05/13 18:14:14 2 在 term 1 往状态机成功发送 Msg {CommandValid:true Command:4691093905333324722 CommandIndex:16 SnapshotValid:false Snapshot:[] SnapshotTerm:0 SnapshotIndex:0}
2023/05/13 18:14:14 2 在 term 1 往状态机成功发送 Msg {CommandValid:true Command:7450392845316251365 CommandIndex:17 SnapshotValid:false Snapshot:[] SnapshotTerm:0 SnapshotIndex:0}
2023/05/13 18:14:14 2 在 term 1 收到 0 的AppendEntries reply &{Term:1 Success:true Conflict:false XTerm:0 XIndex:0 XLen:0}
2023/05/13 18:14:14 2 在 term 1 更新了nextInde[0]: 26 , 更新了matchIndex[0]: 25 .
2023/05/13 18:14:14 0 在 term 1 收到来自 2 的AppendEntries, PrevLogIndex: 14 , PrevLogTerm: 1 
2023/05/13 18:14:14 1 在 term 1 收到来自 2 的AppendEntries, PrevLogIndex: 14 , PrevLogTerm: 1 
2023/05/13 18:14:14 2 在 term 1 收到 0 的AppendEntries reply &{Term:1 Success:true Conflict:false XTerm:0 XIndex:0 XLen:0}
2023/05/13 18:14:14 2 在 term 1 更新了nextInde[0]: 27 , 更新了matchIndex[0]: 26 .
2023/05/13 18:14:14 0 在 term 1 收到来自 2 的AppendEntries, PrevLogIndex: 14 , PrevLogTerm: 1 
2023/05/13 18:14:14 2 在 term 1 收到 0 的AppendEntries reply &{Term:1 Success:true Conflict:false XTerm:0 XIndex:0 XLen:0}
2023/05/13 18:14:14 2 在 term 1 更新了nextInde[0]: 27 , 更新了matchIndex[0]: 26 .
2023/05/13 18:14:14 2 在 term 1 收到 1 的AppendEntries reply &{Term:1 Success:true Conflict:false XTerm:0 XIndex:0 XLen:0}
2023/05/13 18:14:14 2 在 term 1 更新了nextInde[1]: 25 , 更新了matchIndex[1]: 24 .
2023/05/13 18:14:14 2 在 term 1 往状态机成功发送 Msg {CommandValid:true Command:2122419567216937858 CommandIndex:18 SnapshotValid:false Snapshot:[] SnapshotTerm:0 SnapshotIndex:0}
2023/05/13 18:14:14 2 在 term 1 往状态机成功发送 Msg {CommandValid:true Command:7542368037247005610 CommandIndex:19 SnapshotValid:false Snapshot:[] SnapshotTerm:0 SnapshotIndex:0}
2023/05/13 18:14:14 2 在 term 1 收到 1 的AppendEntries reply &{Term:1 Success:true Conflict:false XTerm:0 XIndex:0 XLen:0}
2023/05/13 18:14:14 2 在 term 1 更新了nextInde[1]: 26 , 更新了matchIndex[1]: 25 .
2023/05/13 18:14:14 2 在 term 1 收到 0 的AppendEntries reply &{Term:1 Success:true Conflict:false XTerm:0 XIndex:0 XLen:0}
2023/05/13 18:14:14 2 在 term 1 更新了nextInde[0]: 27 , 更新了matchIndex[0]: 26 .
2023/05/13 18:14:14 2 在term 1 丢弃了后面的日志, 并以lastIncludedIndex: 19 开始
2023/05/13 18:14:14 0 在 term 1 收到来自 2 的AppendEntries, PrevLogIndex: 14 , PrevLogTerm: 1 
2023/05/13 18:14:14 2 在 term 1 往状态机成功发送 Msg {CommandValid:true Command:4855632754290600163 CommandIndex:20 SnapshotValid:false Snapshot:[] SnapshotTerm:0 SnapshotIndex:0}
2023/05/13 18:14:14 2 在 term 1 往状态机成功发送 Msg {CommandValid:true Command:6943907750016041587 CommandIndex:21 SnapshotValid:false Snapshot:[] SnapshotTerm:0 SnapshotIndex:0}
2023/05/13 18:14:14 2 在 term 1 往状态机成功发送 Msg {CommandValid:true Command:5015340572576346877 CommandIndex:22 SnapshotValid:false Snapshot:[] SnapshotTerm:0 SnapshotIndex:0}
2023/05/13 18:14:14 2 在 term 1 往状态机成功发送 Msg {CommandValid:true Command:3235013734372274967 CommandIndex:23 SnapshotValid:false Snapshot:[] SnapshotTerm:0 SnapshotIndex:0}
2023/05/13 18:14:14 2 在 term 1 往状态机成功发送 Msg {CommandValid:true Command:4151437353383932936 CommandIndex:24 SnapshotValid:false Snapshot:[] SnapshotTerm:0 SnapshotIndex:0}
2023/05/13 18:14:14 2 在 term 1 往状态机成功发送 Msg {CommandValid:true Command:5460875151012726864 CommandIndex:25 SnapshotValid:false Snapshot:[] SnapshotTerm:0 SnapshotIndex:0}
2023/05/13 18:14:14 2 在 term 1 收到 0 的AppendEntries reply &{Term:1 Success:true Conflict:false XTerm:0 XIndex:0 XLen:0}
2023/05/13 18:14:14 2 在 term 1 更新了nextInde[0]: 27 , 更新了matchIndex[0]: 26 .
2023/05/13 18:14:14 1 在 term 1 收到来自 2 的AppendEntries, PrevLogIndex: 14 , PrevLogTerm: 1 
2023/05/13 18:14:14 1 在 term 1 收到来自 2 的AppendEntries, PrevLogIndex: 14 , PrevLogTerm: 1 
2023/05/13 18:14:14 2 在 term 1 收到 1 的AppendEntries reply &{Term:1 Success:true Conflict:false XTerm:0 XIndex:0 XLen:0}
2023/05/13 18:14:14 2 在 term 1 更新了nextInde[1]: 26 , 更新了matchIndex[1]: 25 .
2023/05/13 18:14:14 1 在 term 1 收到来自 2 的AppendEntries, PrevLogIndex: 14 , PrevLogTerm: 1 
2023/05/13 18:14:14 2 在 term 1 收到 0 的AppendEntries reply &{Term:1 Success:true Conflict:false XTerm:0 XIndex:0 XLen:0}
2023/05/13 18:14:14 2 在 term 1 更新了nextInde[0]: 27 , 更新了matchIndex[0]: 26 .
2023/05/13 18:14:14 2 在 term 1 收到 1 的AppendEntries reply &{Term:1 Success:true Conflict:false XTerm:0 XIndex:0 XLen:0}
2023/05/13 18:14:14 2 在 term 1 更新了nextInde[1]: 26 , 更新了matchIndex[1]: 25 .
2023/05/13 18:14:14 2 在 term 1 收到 1 的AppendEntries reply &{Term:1 Success:true Conflict:false XTerm:0 XIndex:0 XLen:0}
2023/05/13 18:14:14 2 在 term 1 更新了nextInde[1]: 27 , 更新了matchIndex[1]: 26 .
2023/05/13 18:14:14 2 在 term 1 往状态机成功发送 Msg {CommandValid:true Command:8989053274539175399 CommandIndex:26 SnapshotValid:false Snapshot:[] SnapshotTerm:0 SnapshotIndex:0}
2023/05/13 18:14:14 2 在term 1 开始发送AppendEntries, nextIndex: [27 27 1]
2023/05/13 18:14:14 2 在term 1 给 0 发送AppendEntries, rf.nextIndex[0]: 27, args.PrevLogIndex 26, args.PrevLogTerm 1
2023/05/13 18:14:14 2 在term 1 给 1 发送AppendEntries, rf.nextIndex[1]: 27, args.PrevLogIndex 26, args.PrevLogTerm 1
2023/05/13 18:14:14 1 在 term 1 收到来自 2 的AppendEntries, PrevLogIndex: 26 , PrevLogTerm: 1 
2023/05/13 18:14:14 1 在 term 1 往状态机成功发送 Msg {CommandValid:true Command:7776015573962567298 CommandIndex:15 SnapshotValid:false Snapshot:[] SnapshotTerm:0 SnapshotIndex:0}
2023/05/13 18:14:14 1 在 term 1 往状态机成功发送 Msg {CommandValid:true Command:4691093905333324722 CommandIndex:16 SnapshotValid:false Snapshot:[] SnapshotTerm:0 SnapshotIndex:0}
2023/05/13 18:14:14 2 在 term 1 收到 1 的AppendEntries reply &{Term:1 Success:true Conflict:false XTerm:0 XIndex:0 XLen:0}
2023/05/13 18:14:14 2 在 term 1 更新了nextInde[1]: 27 , 更新了matchIndex[1]: 26 .
2023/05/13 18:14:14 1 在 term 1 往状态机成功发送 Msg {CommandValid:true Command:7450392845316251365 CommandIndex:17 SnapshotValid:false Snapshot:[] SnapshotTerm:0 SnapshotIndex:0}
2023/05/13 18:14:14 1 在 term 1 往状态机成功发送 Msg {CommandValid:true Command:2122419567216937858 CommandIndex:18 SnapshotValid:false Snapshot:[] SnapshotTerm:0 SnapshotIndex:0}
2023/05/13 18:14:14 1 在 term 1 往状态机成功发送 Msg {CommandValid:true Command:7542368037247005610 CommandIndex:19 SnapshotValid:false Snapshot:[] SnapshotTerm:0 SnapshotIndex:0}
2023/05/13 18:14:14 1 在term 1 丢弃了后面的日志, 并以lastIncludedIndex: 19 开始
2023/05/13 18:14:14 1 在 term 1 往状态机成功发送 Msg {CommandValid:true Command:4855632754290600163 CommandIndex:20 SnapshotValid:false Snapshot:[] SnapshotTerm:0 SnapshotIndex:0}
2023/05/13 18:14:14 1 在 term 1 往状态机成功发送 Msg {CommandValid:true Command:6943907750016041587 CommandIndex:21 SnapshotValid:false Snapshot:[] SnapshotTerm:0 SnapshotIndex:0}
2023/05/13 18:14:14 1 在 term 1 往状态机成功发送 Msg {CommandValid:true Command:5015340572576346877 CommandIndex:22 SnapshotValid:false Snapshot:[] SnapshotTerm:0 SnapshotIndex:0}
2023/05/13 18:14:14 1 在 term 1 往状态机成功发送 Msg {CommandValid:true Command:3235013734372274967 CommandIndex:23 SnapshotValid:false Snapshot:[] SnapshotTerm:0 SnapshotIndex:0}
2023/05/13 18:14:14 1 在 term 1 往状态机成功发送 Msg {CommandValid:true Command:4151437353383932936 CommandIndex:24 SnapshotValid:false Snapshot:[] SnapshotTerm:0 SnapshotIndex:0}
2023/05/13 18:14:14 1 在 term 1 往状态机成功发送 Msg {CommandValid:true Command:5460875151012726864 CommandIndex:25 SnapshotValid:false Snapshot:[] SnapshotTerm:0 SnapshotIndex:0}
2023/05/13 18:14:14 1 在 term 1 往状态机成功发送 Msg {CommandValid:true Command:8989053274539175399 CommandIndex:26 SnapshotValid:false Snapshot:[] SnapshotTerm:0 SnapshotIndex:0}
2023/05/13 18:14:14 0 在 term 1 收到来自 2 的AppendEntries, PrevLogIndex: 26 , PrevLogTerm: 1 
2023/05/13 18:14:14 0 在 term 1 往状态机成功发送 Msg {CommandValid:true Command:7776015573962567298 CommandIndex:15 SnapshotValid:false Snapshot:[] SnapshotTerm:0 SnapshotIndex:0}
2023/05/13 18:14:14 0 在 term 1 往状态机成功发送 Msg {CommandValid:true Command:4691093905333324722 CommandIndex:16 SnapshotValid:false Snapshot:[] SnapshotTerm:0 SnapshotIndex:0}
2023/05/13 18:14:14 0 在 term 1 往状态机成功发送 Msg {CommandValid:true Command:7450392845316251365 CommandIndex:17 SnapshotValid:false Snapshot:[] SnapshotTerm:0 SnapshotIndex:0}
2023/05/13 18:14:14 2 在 term 1 收到 0 的AppendEntries reply &{Term:1 Success:true Conflict:false XTerm:0 XIndex:0 XLen:0}
2023/05/13 18:14:14 2 在 term 1 更新了nextInde[0]: 27 , 更新了matchIndex[0]: 26 .
2023/05/13 18:14:14 0 在 term 1 往状态机成功发送 Msg {CommandValid:true Command:2122419567216937858 CommandIndex:18 SnapshotValid:false Snapshot:[] SnapshotTerm:0 SnapshotIndex:0}
2023/05/13 18:14:14 0 在 term 1 往状态机成功发送 Msg {CommandValid:true Command:7542368037247005610 CommandIndex:19 SnapshotValid:false Snapshot:[] SnapshotTerm:0 SnapshotIndex:0}
2023/05/13 18:14:14 0 在term 1 丢弃了后面的日志, 并以lastIncludedIndex: 19 开始
2023/05/13 18:14:14 0 在 term 1 往状态机成功发送 Msg {CommandValid:true Command:4855632754290600163 CommandIndex:20 SnapshotValid:false Snapshot:[] SnapshotTerm:0 SnapshotIndex:0}
2023/05/13 18:14:14 0 在 term 1 往状态机成功发送 Msg {CommandValid:true Command:6943907750016041587 CommandIndex:21 SnapshotValid:false Snapshot:[] SnapshotTerm:0 SnapshotIndex:0}
2023/05/13 18:14:14 0 在 term 1 往状态机成功发送 Msg {CommandValid:true Command:5015340572576346877 CommandIndex:22 SnapshotValid:false Snapshot:[] SnapshotTerm:0 SnapshotIndex:0}
2023/05/13 18:14:14 0 在 term 1 往状态机成功发送 Msg {CommandValid:true Command:3235013734372274967 CommandIndex:23 SnapshotValid:false Snapshot:[] SnapshotTerm:0 SnapshotIndex:0}
2023/05/13 18:14:14 0 在 term 1 往状态机成功发送 Msg {CommandValid:true Command:4151437353383932936 CommandIndex:24 SnapshotValid:false Snapshot:[] SnapshotTerm:0 SnapshotIndex:0}
2023/05/13 18:14:14 0 在 term 1 往状态机成功发送 Msg {CommandValid:true Command:5460875151012726864 CommandIndex:25 SnapshotValid:false Snapshot:[] SnapshotTerm:0 SnapshotIndex:0}
2023/05/13 18:14:14 0 在 term 1 往状态机成功发送 Msg {CommandValid:true Command:8989053274539175399 CommandIndex:26 SnapshotValid:false Snapshot:[] SnapshotTerm:0 SnapshotIndex:0}
2023/05/13 18:14:14 2 在 term 1 写入了日志, LogIndex : 27 , LogTerm : 1, Command: 5392895367849196339
2023/05/13 18:14:14 2 在term 1 开始发送AppendEntries, nextIndex: [27 27 1]
2023/05/13 18:14:14 2 在term 1 给 0 发送AppendEntries, rf.nextIndex[0]: 27, args.PrevLogIndex 26, args.PrevLogTerm 1
2023/05/13 18:14:14 2 在term 1 给 1 发送AppendEntries, rf.nextIndex[1]: 27, args.PrevLogIndex 26, args.PrevLogTerm 1
2023/05/13 18:14:14 2 在 term 1 写入了日志, LogIndex : 28 , LogTerm : 1, Command: 6561956523570838782
2023/05/13 18:14:14 2 在term 1 开始发送AppendEntries, nextIndex: [27 27 1]
2023/05/13 18:14:14 2 在term 1 给 0 发送AppendEntries, rf.nextIndex[0]: 27, args.PrevLogIndex 26, args.PrevLogTerm 1
2023/05/13 18:14:14 2 在term 1 给 1 发送AppendEntries, rf.nextIndex[1]: 27, args.PrevLogIndex 26, args.PrevLogTerm 1
2023/05/13 18:14:14 2 在 term 1 写入了日志, LogIndex : 29 , LogTerm : 1, Command: 3321098380247374092
2023/05/13 18:14:14 2 在term 1 开始发送AppendEntries, nextIndex: [27 27 1]
2023/05/13 18:14:14 2 在term 1 给 0 发送AppendEntries, rf.nextIndex[0]: 27, args.PrevLogIndex 26, args.PrevLogTerm 1
2023/05/13 18:14:14 2 在term 1 给 1 发送AppendEntries, rf.nextIndex[1]: 27, args.PrevLogIndex 26, args.PrevLogTerm 1
2023/05/13 18:14:14 2 在 term 1 写入了日志, LogIndex : 30 , LogTerm : 1, Command: 1638754940543278709
2023/05/13 18:14:14 0 在 term 1 收到来自 2 的AppendEntries, PrevLogIndex: 26 , PrevLogTerm: 1 
2023/05/13 18:14:14 1 在 term 1 收到来自 2 的AppendEntries, PrevLogIndex: 26 , PrevLogTerm: 1 
2023/05/13 18:14:14 2 在term 1 开始发送AppendEntries, nextIndex: [27 27 1]
2023/05/13 18:14:14 1 在 term 1 收到来自 2 的AppendEntries, PrevLogIndex: 26 , PrevLogTerm: 1 
2023/05/13 18:14:14 2 在term 1 给 0 发送AppendEntries, rf.nextIndex[0]: 27, args.PrevLogIndex 26, args.PrevLogTerm 1
2023/05/13 18:14:14 0 在 term 1 收到来自 2 的AppendEntries, PrevLogIndex: 26 , PrevLogTerm: 1 
2023/05/13 18:14:14 1 在 term 1 收到来自 2 的AppendEntries, PrevLogIndex: 26 , PrevLogTerm: 1 
2023/05/13 18:14:14 2 在term 1 给 1 发送AppendEntries, rf.nextIndex[1]: 27, args.PrevLogIndex 26, args.PrevLogTerm 1
2023/05/13 18:14:14 0 在 term 1 收到来自 2 的AppendEntries, PrevLogIndex: 26 , PrevLogTerm: 1 
2023/05/13 18:14:14 2 在 term 1 写入了日志, LogIndex : 31 , LogTerm : 1, Command: 1438562162510976619
2023/05/13 18:14:14 2 在term 1 开始发送AppendEntries, nextIndex: [27 27 1]
2023/05/13 18:14:14 2 在term 1 给 0 发送AppendEntries, rf.nextIndex[0]: 27, args.PrevLogIndex 26, args.PrevLogTerm 1
2023/05/13 18:14:14 2 在term 1 给 1 发送AppendEntries, rf.nextIndex[1]: 27, args.PrevLogIndex 26, args.PrevLogTerm 1
2023/05/13 18:14:14 2 在 term 1 写入了日志, LogIndex : 32 , LogTerm : 1, Command: 6443633766289436836
2023/05/13 18:14:14 2 在term 1 开始发送AppendEntries, nextIndex: [27 27 1]
2023/05/13 18:14:14 2 在term 1 给 0 发送AppendEntries, rf.nextIndex[0]: 27, args.PrevLogIndex 26, args.PrevLogTerm 1
2023/05/13 18:14:14 2 在term 1 给 1 发送AppendEntries, rf.nextIndex[1]: 27, args.PrevLogIndex 26, args.PrevLogTerm 1
2023/05/13 18:14:14 2 在 term 1 收到 1 的AppendEntries reply &{Term:1 Success:true Conflict:false XTerm:0 XIndex:0 XLen:0}
2023/05/13 18:14:14 2 在 term 1 更新了nextInde[1]: 28 , 更新了matchIndex[1]: 27 .
2023/05/13 18:14:14 2 在 term 1 收到 1 的AppendEntries reply &{Term:1 Success:true Conflict:false XTerm:0 XIndex:0 XLen:0}
2023/05/13 18:14:14 2 在 term 1 更新了nextInde[1]: 29 , 更新了matchIndex[1]: 28 .
2023/05/13 18:14:14 2 在 term 1 收到 0 的AppendEntries reply &{Term:1 Success:true Conflict:false XTerm:0 XIndex:0 XLen:0}
2023/05/13 18:14:14 2 在 term 1 更新了nextInde[0]: 28 , 更新了matchIndex[0]: 27 .
2023/05/13 18:14:14 2 在 term 1 收到 1 的AppendEntries reply &{Term:1 Success:true Conflict:false XTerm:0 XIndex:0 XLen:0}
2023/05/13 18:14:14 2 在 term 1 更新了nextInde[1]: 30 , 更新了matchIndex[1]: 29 .
2023/05/13 18:14:14 2 在 term 1 收到 0 的AppendEntries reply &{Term:1 Success:true Conflict:false XTerm:0 XIndex:0 XLen:0}
2023/05/13 18:14:14 2 在 term 1 更新了nextInde[0]: 30 , 更新了matchIndex[0]: 29 .
2023/05/13 18:14:14 2 在 term 1 收到 0 的AppendEntries reply &{Term:1 Success:true Conflict:false XTerm:0 XIndex:0 XLen:0}
2023/05/13 18:14:14 2 在 term 1 更新了nextInde[0]: 30 , 更新了matchIndex[0]: 29 .
2023/05/13 18:14:14 0 在 term 1 收到来自 2 的AppendEntries, PrevLogIndex: 26 , PrevLogTerm: 1 
2023/05/13 18:14:14 0 在 term 1 收到来自 2 的AppendEntries, PrevLogIndex: 26 , PrevLogTerm: 1 
2023/05/13 18:14:14 0 在 term 1 收到来自 2 的AppendEntries, PrevLogIndex: 26 , PrevLogTerm: 1 
2023/05/13 18:14:14 2 在 term 1 写入了日志, LogIndex : 33 , LogTerm : 1, Command: 8986175604976213885
2023/05/13 18:14:14 2 在term 1 开始发送AppendEntries, nextIndex: [30 30 1]
2023/05/13 18:14:14 2 在term 1 给 0 发送AppendEntries, rf.nextIndex[0]: 30, args.PrevLogIndex 29, args.PrevLogTerm 1
2023/05/13 18:14:14 2 在term 1 给 1 发送AppendEntries, rf.nextIndex[1]: 30, args.PrevLogIndex 29, args.PrevLogTerm 1
2023/05/13 18:14:14 2 在 term 1 收到 0 的AppendEntries reply &{Term:1 Success:true Conflict:false XTerm:0 XIndex:0 XLen:0}
2023/05/13 18:14:14 2 在 term 1 更新了nextInde[0]: 31 , 更新了matchIndex[0]: 30 .
2023/05/13 18:14:14 2 在 term 1 写入了日志, LogIndex : 34 , LogTerm : 1, Command: 4015673962682355000
2023/05/13 18:14:14 2 在term 1 开始发送AppendEntries, nextIndex: [31 30 1]
2023/05/13 18:14:14 2 在term 1 给 0 发送AppendEntries, rf.nextIndex[0]: 31, args.PrevLogIndex 30, args.PrevLogTerm 1
2023/05/13 18:14:14 2 在term 1 给 1 发送AppendEntries, rf.nextIndex[1]: 30, args.PrevLogIndex 29, args.PrevLogTerm 1
2023/05/13 18:14:14 1 在 term 1 收到来自 2 的AppendEntries, PrevLogIndex: 26 , PrevLogTerm: 1 
2023/05/13 18:14:14 0 在 term 1 收到来自 2 的AppendEntries, PrevLogIndex: 30 , PrevLogTerm: 1 
2023/05/13 18:14:14 0 在 term 1 收到来自 2 的AppendEntries, PrevLogIndex: 29 , PrevLogTerm: 1 
2023/05/13 18:14:14 1 在 term 1 收到来自 2 的AppendEntries, PrevLogIndex: 29 , PrevLogTerm: 1 
2023/05/13 18:14:14 1 在 term 1 收到来自 2 的AppendEntries, PrevLogIndex: 29 , PrevLogTerm: 1 
2023/05/13 18:14:14 2 在 term 1 写入了日志, LogIndex : 35 , LogTerm : 1, Command: 529957935533449381
2023/05/13 18:14:14 2 在term 1 开始发送AppendEntries, nextIndex: [31 30 1]
2023/05/13 18:14:14 2 在term 1 给 0 发送AppendEntries, rf.nextIndex[0]: 31, args.PrevLogIndex 30, args.PrevLogTerm 1
2023/05/13 18:14:14 2 在term 1 给 1 发送AppendEntries, rf.nextIndex[1]: 30, args.PrevLogIndex 29, args.PrevLogTerm 1
2023/05/13 18:14:14 1 在 term 1 收到来自 2 的AppendEntries, PrevLogIndex: 26 , PrevLogTerm: 1 
2023/05/13 18:14:14 0 在 term 1 收到来自 2 的AppendEntries, PrevLogIndex: 30 , PrevLogTerm: 1 
2023/05/13 18:14:14 2 在 term 1 写入了日志, LogIndex : 36 , LogTerm : 1, Command: 2357710232358152675
2023/05/13 18:14:14 2 在term 1 开始发送AppendEntries, nextIndex: [31 30 1]
2023/05/13 18:14:14 2 在term 1 给 0 发送AppendEntries, rf.nextIndex[0]: 31, args.PrevLogIndex 30, args.PrevLogTerm 1
2023/05/13 18:14:14 2 在term 1 给 1 发送AppendEntries, rf.nextIndex[1]: 30, args.PrevLogIndex 29, args.PrevLogTerm 1
2023/05/13 18:14:14 2 在 term 1 写入了日志, LogIndex : 37 , LogTerm : 1, Command: 470750673471795421
2023/05/13 18:14:14 2 在term 1 开始发送AppendEntries, nextIndex: [31 30 1]
2023/05/13 18:14:14 2 在term 1 给 0 发送AppendEntries, rf.nextIndex[0]: 31, args.PrevLogIndex 30, args.PrevLogTerm 1
2023/05/13 18:14:14 2 在term 1 给 1 发送AppendEntries, rf.nextIndex[1]: 30, args.PrevLogIndex 29, args.PrevLogTerm 1
2023/05/13 18:14:14 1 在 term 1 收到来自 2 的AppendEntries, PrevLogIndex: 26 , PrevLogTerm: 1 
2023/05/13 18:14:14 2 在 term 1 收到 0 的AppendEntries reply &{Term:1 Success:true Conflict:false XTerm:0 XIndex:0 XLen:0}
2023/05/13 18:14:14 2 在 term 1 更新了nextInde[0]: 32 , 更新了matchIndex[0]: 31 .
2023/05/13 18:14:14 2 在 term 1 收到 0 的AppendEntries reply &{Term:1 Success:true Conflict:false XTerm:0 XIndex:0 XLen:0}
2023/05/13 18:14:14 2 在 term 1 更新了nextInde[0]: 33 , 更新了matchIndex[0]: 32 .
2023/05/13 18:14:14 2 在 term 1 收到 1 的AppendEntries reply &{Term:1 Success:true Conflict:false XTerm:0 XIndex:0 XLen:0}
2023/05/13 18:14:14 2 在 term 1 更新了nextInde[1]: 35 , 更新了matchIndex[1]: 34 .
2023/05/13 18:14:14 0 在 term 1 收到来自 2 的AppendEntries, PrevLogIndex: 30 , PrevLogTerm: 1 
2023/05/13 18:14:14 1 在 term 1 收到来自 2 的AppendEntries, PrevLogIndex: 29 , PrevLogTerm: 1 
2023/05/13 18:14:14 0 在 term 1 收到来自 2 的AppendEntries, PrevLogIndex: 30 , PrevLogTerm: 1 
2023/05/13 18:14:14 2 在 term 1 收到 1 的AppendEntries reply &{Term:1 Success:true Conflict:false XTerm:0 XIndex:0 XLen:0}
2023/05/13 18:14:14 2 在 term 1 更新了nextInde[1]: 35 , 更新了matchIndex[1]: 34 .
2023/05/13 18:14:14 2 在 term 1 收到 0 的AppendEntries reply &{Term:1 Success:true Conflict:false XTerm:0 XIndex:0 XLen:0}
2023/05/13 18:14:14 2 在 term 1 更新了nextInde[0]: 35 , 更新了matchIndex[0]: 34 .
2023/05/13 18:14:14 2 在 term 1 收到 0 的AppendEntries reply &{Term:1 Success:true Conflict:false XTerm:0 XIndex:0 XLen:0}
2023/05/13 18:14:14 2 在 term 1 更新了nextInde[0]: 35 , 更新了matchIndex[0]: 34 .
2023/05/13 18:14:14 2 在 term 1 收到 1 的AppendEntries reply &{Term:1 Success:true Conflict:false XTerm:0 XIndex:0 XLen:0}
2023/05/13 18:14:14 2 在 term 1 更新了nextInde[1]: 35 , 更新了matchIndex[1]: 34 .
2023/05/13 18:14:14 2 在 term 1 收到 1 的AppendEntries reply &{Term:1 Success:true Conflict:false XTerm:0 XIndex:0 XLen:0}
2023/05/13 18:14:14 2 在 term 1 更新了nextInde[1]: 35 , 更新了matchIndex[1]: 34 .
2023/05/13 18:14:14 2 在 term 1 写入了日志, LogIndex : 38 , LogTerm : 1, Command: 756508217191260952
2023/05/13 18:14:14 2 在term 1 开始发送AppendEntries, nextIndex: [35 35 1]
2023/05/13 18:14:14 2 在term 1 给 0 发送AppendEntries, rf.nextIndex[0]: 35, args.PrevLogIndex 34, args.PrevLogTerm 1
2023/05/13 18:14:14 2 在term 1 给 1 发送AppendEntries, rf.nextIndex[1]: 35, args.PrevLogIndex 34, args.PrevLogTerm 1
2023/05/13 18:14:14 2 在 term 1 收到 0 的AppendEntries reply &{Term:1 Success:true Conflict:false XTerm:0 XIndex:0 XLen:0}
2023/05/13 18:14:14 2 在 term 1 更新了nextInde[0]: 36 , 更新了matchIndex[0]: 35 .
2023/05/13 18:14:14 0 在 term 1 收到来自 2 的AppendEntries, PrevLogIndex: 34 , PrevLogTerm: 1 
2023/05/13 18:14:14 2 在 term 1 收到 1 的AppendEntries reply &{Term:1 Success:true Conflict:false XTerm:0 XIndex:0 XLen:0}
2023/05/13 18:14:14 2 在 term 1 更新了nextInde[1]: 35 , 更新了matchIndex[1]: 34 .
2023/05/13 18:14:14 2 在 term 1 收到 0 的AppendEntries reply &{Term:1 Success:true Conflict:false XTerm:0 XIndex:0 XLen:0}
2023/05/13 18:14:14 2 在 term 1 更新了nextInde[0]: 37 , 更新了matchIndex[0]: 36 .
2023/05/13 18:14:14 2 在 term 1 收到 0 的AppendEntries reply &{Term:1 Success:true Conflict:false XTerm:0 XIndex:0 XLen:0}
2023/05/13 18:14:14 2 在 term 1 更新了nextInde[0]: 38 , 更新了matchIndex[0]: 37 .
2023/05/13 18:14:14 2 在 term 1 往状态机成功发送 Msg {CommandValid:true Command:5392895367849196339 CommandIndex:27 SnapshotValid:false Snapshot:[] SnapshotTerm:0 SnapshotIndex:0}
2023/05/13 18:14:14 2 在 term 1 往状态机成功发送 Msg {CommandValid:true Command:6561956523570838782 CommandIndex:28 SnapshotValid:false Snapshot:[] SnapshotTerm:0 SnapshotIndex:0}
2023/05/13 18:14:14 2 在 term 1 往状态机成功发送 Msg {CommandValid:true Command:3321098380247374092 CommandIndex:29 SnapshotValid:false Snapshot:[] SnapshotTerm:0 SnapshotIndex:0}
2023/05/13 18:14:14 2 在term 1 丢弃了后面的日志, 并以lastIncludedIndex: 29 开始
2023/05/13 18:14:14 2 在 term 1 收到 0 的AppendEntries reply &{Term:1 Success:true Conflict:false XTerm:0 XIndex:0 XLen:0}
2023/05/13 18:14:14 2 在 term 1 更新了nextInde[0]: 39 , 更新了matchIndex[0]: 38 .
2023/05/13 18:14:14 2 在 term 1 往状态机成功发送 Msg {CommandValid:true Command:1638754940543278709 CommandIndex:30 SnapshotValid:false Snapshot:[] SnapshotTerm:0 SnapshotIndex:0}
2023/05/13 18:14:14 2 在 term 1 往状态机成功发送 Msg {CommandValid:true Command:1438562162510976619 CommandIndex:31 SnapshotValid:false Snapshot:[] SnapshotTerm:0 SnapshotIndex:0}
2023/05/13 18:14:14 2 在 term 1 往状态机成功发送 Msg {CommandValid:true Command:6443633766289436836 CommandIndex:32 SnapshotValid:false Snapshot:[] SnapshotTerm:0 SnapshotIndex:0}
2023/05/13 18:14:14 2 在 term 1 往状态机成功发送 Msg {CommandValid:true Command:8986175604976213885 CommandIndex:33 SnapshotValid:false Snapshot:[] SnapshotTerm:0 SnapshotIndex:0}
2023/05/13 18:14:14 2 在 term 1 往状态机成功发送 Msg {CommandValid:true Command:4015673962682355000 CommandIndex:34 SnapshotValid:false Snapshot:[] SnapshotTerm:0 SnapshotIndex:0}
2023/05/13 18:14:14 1 在 term 1 收到来自 2 的AppendEntries, PrevLogIndex: 29 , PrevLogTerm: 1 
2023/05/13 18:14:14 1 在 term 1 收到来自 2 的AppendEntries, PrevLogIndex: 34 , PrevLogTerm: 1 
2023/05/13 18:14:14 2 在 term 1 收到 1 的AppendEntries reply &{Term:1 Success:true Conflict:false XTerm:0 XIndex:0 XLen:0}
2023/05/13 18:14:14 2 在 term 1 更新了nextInde[1]: 37 , 更新了matchIndex[1]: 36 .
2023/05/13 18:14:14 2 在 term 1 收到 1 的AppendEntries reply &{Term:1 Success:true Conflict:false XTerm:0 XIndex:0 XLen:0}
2023/05/13 18:14:14 2 在 term 1 更新了nextInde[1]: 37 , 更新了matchIndex[1]: 36 .
2023/05/13 18:14:14 1 在 term 1 收到来自 2 的AppendEntries, PrevLogIndex: 29 , PrevLogTerm: 1 
2023/05/13 18:14:14 2 在 term 1 收到 1 的AppendEntries reply &{Term:1 Success:true Conflict:false XTerm:0 XIndex:0 XLen:0}
2023/05/13 18:14:14 2 在 term 1 更新了nextInde[1]: 38 , 更新了matchIndex[1]: 37 .
2023/05/13 18:14:14 2 在 term 1 收到 1 的AppendEntries reply &{Term:1 Success:true Conflict:false XTerm:0 XIndex:0 XLen:0}
2023/05/13 18:14:14 2 在 term 1 更新了nextInde[1]: 39 , 更新了matchIndex[1]: 38 .
2023/05/13 18:14:14 2 在 term 1 往状态机成功发送 Msg {CommandValid:true Command:529957935533449381 CommandIndex:35 SnapshotValid:false Snapshot:[] SnapshotTerm:0 SnapshotIndex:0}
2023/05/13 18:14:14 2 在 term 1 往状态机成功发送 Msg {CommandValid:true Command:2357710232358152675 CommandIndex:36 SnapshotValid:false Snapshot:[] SnapshotTerm:0 SnapshotIndex:0}
2023/05/13 18:14:14 2 在 term 1 往状态机成功发送 Msg {CommandValid:true Command:470750673471795421 CommandIndex:37 SnapshotValid:false Snapshot:[] SnapshotTerm:0 SnapshotIndex:0}
2023/05/13 18:14:14 2 在 term 1 往状态机成功发送 Msg {CommandValid:true Command:756508217191260952 CommandIndex:38 SnapshotValid:false Snapshot:[] SnapshotTerm:0 SnapshotIndex:0}
2023/05/13 18:14:14 2 在term 1 开始发送AppendEntries, nextIndex: [39 39 1]
2023/05/13 18:14:14 2 在term 1 给 0 发送AppendEntries, rf.nextIndex[0]: 39, args.PrevLogIndex 38, args.PrevLogTerm 1
2023/05/13 18:14:14 2 在term 1 给 1 发送AppendEntries, rf.nextIndex[1]: 39, args.PrevLogIndex 38, args.PrevLogTerm 1
2023/05/13 18:14:14 1 在 term 1 收到来自 2 的AppendEntries, PrevLogIndex: 38 , PrevLogTerm: 1 
2023/05/13 18:14:14 1 在 term 1 往状态机成功发送 Msg {CommandValid:true Command:5392895367849196339 CommandIndex:27 SnapshotValid:false Snapshot:[] SnapshotTerm:0 SnapshotIndex:0}
2023/05/13 18:14:14 1 在 term 1 往状态机成功发送 Msg {CommandValid:true Command:6561956523570838782 CommandIndex:28 SnapshotValid:false Snapshot:[] SnapshotTerm:0 SnapshotIndex:0}
2023/05/13 18:14:14 1 在term 1 丢弃了后面的日志, 并以lastIncludedIndex: 29 开始
2023/05/13 18:14:14 1 在 term 1 往状态机成功发送 Msg {CommandValid:true Command:3321098380247374092 CommandIndex:29 SnapshotValid:false Snapshot:[] SnapshotTerm:0 SnapshotIndex:0}
2023/05/13 18:14:14 1 在 term 1 往状态机成功发送 Msg {CommandValid:true Command:1638754940543278709 CommandIndex:30 SnapshotValid:false Snapshot:[] SnapshotTerm:0 SnapshotIndex:0}
2023/05/13 18:14:14 1 在 term 1 往状态机成功发送 Msg {CommandValid:true Command:1438562162510976619 CommandIndex:31 SnapshotValid:false Snapshot:[] SnapshotTerm:0 SnapshotIndex:0}
2023/05/13 18:14:14 1 在 term 1 往状态机成功发送 Msg {CommandValid:true Command:6443633766289436836 CommandIndex:32 SnapshotValid:false Snapshot:[] SnapshotTerm:0 SnapshotIndex:0}
2023/05/13 18:14:14 1 在 term 1 往状态机成功发送 Msg {CommandValid:true Command:8986175604976213885 CommandIndex:33 SnapshotValid:false Snapshot:[] SnapshotTerm:0 SnapshotIndex:0}
2023/05/13 18:14:14 1 在 term 1 往状态机成功发送 Msg {CommandValid:true Command:4015673962682355000 CommandIndex:34 SnapshotValid:false Snapshot:[] SnapshotTerm:0 SnapshotIndex:0}
2023/05/13 18:14:14 1 在 term 1 往状态机成功发送 Msg {CommandValid:true Command:529957935533449381 CommandIndex:35 SnapshotValid:false Snapshot:[] SnapshotTerm:0 SnapshotIndex:0}
2023/05/13 18:14:14 1 在 term 1 往状态机成功发送 Msg {CommandValid:true Command:2357710232358152675 CommandIndex:36 SnapshotValid:false Snapshot:[] SnapshotTerm:0 SnapshotIndex:0}
2023/05/13 18:14:14 1 在 term 1 往状态机成功发送 Msg {CommandValid:true Command:470750673471795421 CommandIndex:37 SnapshotValid:false Snapshot:[] SnapshotTerm:0 SnapshotIndex:0}
2023/05/13 18:14:14 1 在 term 1 往状态机成功发送 Msg {CommandValid:true Command:756508217191260952 CommandIndex:38 SnapshotValid:false Snapshot:[] SnapshotTerm:0 SnapshotIndex:0}
2023/05/13 18:14:14 2 在 term 1 收到 1 的AppendEntries reply &{Term:1 Success:true Conflict:false XTerm:0 XIndex:0 XLen:0}
2023/05/13 18:14:14 0 在 term 1 收到来自 2 的AppendEntries, PrevLogIndex: 38 , PrevLogTerm: 1 
2023/05/13 18:14:14 0 在 term 1 往状态机成功发送 Msg {CommandValid:true Command:5392895367849196339 CommandIndex:27 SnapshotValid:false Snapshot:[] SnapshotTerm:0 SnapshotIndex:0}
2023/05/13 18:14:14 0 在 term 1 往状态机成功发送 Msg {CommandValid:true Command:6561956523570838782 CommandIndex:28 SnapshotValid:false Snapshot:[] SnapshotTerm:0 SnapshotIndex:0}
2023/05/13 18:14:14 0 在 term 1 往状态机成功发送 Msg {CommandValid:true Command:3321098380247374092 CommandIndex:29 SnapshotValid:false Snapshot:[] SnapshotTerm:0 SnapshotIndex:0}
2023/05/13 18:14:14 0 在term 1 丢弃了后面的日志, 并以lastIncludedIndex: 29 开始
2023/05/13 18:14:14 0 在 term 1 往状态机成功发送 Msg {CommandValid:true Command:1638754940543278709 CommandIndex:30 SnapshotValid:false Snapshot:[] SnapshotTerm:0 SnapshotIndex:0}
2023/05/13 18:14:14 0 在 term 1 往状态机成功发送 Msg {CommandValid:true Command:1438562162510976619 CommandIndex:31 SnapshotValid:false Snapshot:[] SnapshotTerm:0 SnapshotIndex:0}
2023/05/13 18:14:14 0 在 term 1 往状态机成功发送 Msg {CommandValid:true Command:6443633766289436836 CommandIndex:32 SnapshotValid:false Snapshot:[] SnapshotTerm:0 SnapshotIndex:0}
2023/05/13 18:14:14 0 在 term 1 往状态机成功发送 Msg {CommandValid:true Command:8986175604976213885 CommandIndex:33 SnapshotValid:false Snapshot:[] SnapshotTerm:0 SnapshotIndex:0}
2023/05/13 18:14:14 0 在 term 1 往状态机成功发送 Msg {CommandValid:true Command:4015673962682355000 CommandIndex:34 SnapshotValid:false Snapshot:[] SnapshotTerm:0 SnapshotIndex:0}
2023/05/13 18:14:14 0 在 term 1 往状态机成功发送 Msg {CommandValid:true Command:529957935533449381 CommandIndex:35 SnapshotValid:false Snapshot:[] SnapshotTerm:0 SnapshotIndex:0}
2023/05/13 18:14:14 0 在 term 1 往状态机成功发送 Msg {CommandValid:true Command:2357710232358152675 CommandIndex:36 SnapshotValid:false Snapshot:[] SnapshotTerm:0 SnapshotIndex:0}
2023/05/13 18:14:14 0 在 term 1 往状态机成功发送 Msg {CommandValid:true Command:470750673471795421 CommandIndex:37 SnapshotValid:false Snapshot:[] SnapshotTerm:0 SnapshotIndex:0}
2023/05/13 18:14:14 0 在 term 1 往状态机成功发送 Msg {CommandValid:true Command:756508217191260952 CommandIndex:38 SnapshotValid:false Snapshot:[] SnapshotTerm:0 SnapshotIndex:0}
2023/05/13 18:14:14 2 在 term 1 更新了nextInde[1]: 39 , 更新了matchIndex[1]: 38 .
2023/05/13 18:14:14 2 在 term 1 收到 0 的AppendEntries reply &{Term:1 Success:true Conflict:false XTerm:0 XIndex:0 XLen:0}
2023/05/13 18:14:14 2 在 term 1 更新了nextInde[0]: 39 , 更新了matchIndex[0]: 38 .
2023/05/13 18:14:14 2 在 term 1 写入了日志, LogIndex : 39 , LogTerm : 1, Command: 8618237506946309857
2023/05/13 18:14:14 2 在term 1 开始发送AppendEntries, nextIndex: [39 39 1]
2023/05/13 18:14:14 2 在term 1 给 0 发送AppendEntries, rf.nextIndex[0]: 39, args.PrevLogIndex 38, args.PrevLogTerm 1
2023/05/13 18:14:14 2 在term 1 给 1 发送AppendEntries, rf.nextIndex[1]: 39, args.PrevLogIndex 38, args.PrevLogTerm 1
2023/05/13 18:14:14 1 在 term 1 收到来自 2 的AppendEntries, PrevLogIndex: 38 , PrevLogTerm: 1 
2023/05/13 18:14:14 2 在 term 1 收到 1 的AppendEntries reply &{Term:1 Success:true Conflict:false XTerm:0 XIndex:0 XLen:0}
2023/05/13 18:14:14 2 在 term 1 更新了nextInde[1]: 40 , 更新了matchIndex[1]: 39 .
2023/05/13 18:14:14 0 在 term 1 收到来自 2 的AppendEntries, PrevLogIndex: 38 , PrevLogTerm: 1 
2023/05/13 18:14:14 2 在 term 1 收到 0 的AppendEntries reply &{Term:1 Success:true Conflict:false XTerm:0 XIndex:0 XLen:0}
2023/05/13 18:14:14 2 在 term 1 更新了nextInde[0]: 40 , 更新了matchIndex[0]: 39 .
2023/05/13 18:14:14 2 在 term 1 往状态机成功发送 Msg {CommandValid:true Command:8618237506946309857 CommandIndex:39 SnapshotValid:false Snapshot:[] SnapshotTerm:0 SnapshotIndex:0}
2023/05/13 18:14:14 2 在term 1 丢弃了所有日志并以lastIncludedIndex: 39 开始
2023/05/13 18:14:14 2 在term 1 开始发送AppendEntries, nextIndex: [40 40 1]
panic: runtime error: index out of range [-1]

goroutine 14 [running]:
6.824/raft.(*Log).entry(...)
	/home/gdw/6.824/src/raft/log.go:51
6.824/raft.(*Raft).sendAppendEntriesToPeerL(0xc0000c4300, 0x0)
	/home/gdw/6.824/src/raft/raft.go:717 +0x6ed
6.824/raft.(*Raft).sendAppendEntriesToAllPeerL(0xc0000c4300)
	/home/gdw/6.824/src/raft/raft.go:672 +0x248
6.824/raft.(*Raft).tick(0xc0000c4300)
	/home/gdw/6.824/src/raft/raft.go:817 +0xc5
6.824/raft.(*Raft).ticker(0xc0000c4300)
	/home/gdw/6.824/src/raft/raft.go:807 +0x31
created by 6.824/raft.Make
	/home/gdw/6.824/src/raft/raft.go:886 +0x685
exit status 2
FAIL	6.824/raft	1.340s
